2025-06-29 22:05:17 INFO  - HV000001: Hibernate Validator 8.0.2.Final
2025-06-29 22:05:17 INFO  - Starting PharmApplication using Java 17.0.13 with PID 19880 (E:\험芋奬腎攻沸薪詛Java\pharmapp\build\classes\java\main started by digeo in E:\험芋奬腎攻沸薪詛Java\pharmapp)
2025-06-29 22:05:17 INFO  - The following 1 profile is active: "test"
2025-06-29 22:05:18 INFO  - Bootstrapping Spring Data JPA repositories in DEFAULT mode.
2025-06-29 22:05:18 INFO  - Finished Spring Data repository scanning in 58 ms. Found 4 JPA repository interfaces.
2025-06-29 22:05:18 INFO  - Tomcat initialized with port 8080 (http)
2025-06-29 22:05:18 INFO  - Root WebApplicationContext: initialization completed in 1466 ms
2025-06-29 22:05:19 INFO  - HHH000412: Hibernate ORM core version 6.6.15.Final
2025-06-29 22:05:19 INFO  - HHH000026: Second-level cache disabled
2025-06-29 22:05:19 INFO  - No LoadTimeWeaver setup: ignoring JPA class transformer
2025-06-29 22:05:19 WARN  - HHH90000025: MySQLDialect does not need to be specified explicitly using 'hibernate.dialect' (remove the property setting and it will be selected by default)
2025-06-29 22:05:20 INFO  - HHH10001005: Database info:
	Database JDBC URL [Connecting through datasource 'HikariDataSource (HikariPool-1)']
	Database driver: undefined/unknown
	Database version: 8.0.41
	Autocommit mode: undefined/unknown
	Isolation level: undefined/unknown
	Minimum pool size: undefined/unknown
	Maximum pool size: undefined/unknown
2025-06-29 22:05:21 INFO  - HHH000489: No JTA platform available (set 'hibernate.transaction.jta.platform' to enable JTA platform integration)
2025-06-29 22:05:21 INFO  - Initialized JPA EntityManagerFactory for persistence unit 'default'
2025-06-29 22:05:21 INFO  - Hibernate is in classpath; If applicable, HQL parser will be used.
2025-06-29 22:05:22 INFO  - Global AuthenticationManager configured with AuthenticationProvider bean with name authenticationProvider
2025-06-29 22:05:22 WARN  - Global AuthenticationManager configured with an AuthenticationProvider bean. UserDetailsService beans will not be used by Spring Security for automatically configuring username/password login. Consider removing the AuthenticationProvider bean. Alternatively, consider using the UserDetailsService in a manually instantiated DaoAuthenticationProvider. If the current configuration is intentional, to turn off this warning, increase the logging level of 'org.springframework.security.config.annotation.authentication.configuration.InitializeUserDetailsBeanManagerConfigurer' to ERROR
2025-06-29 22:05:22 WARN  - spring.jpa.open-in-view is enabled by default. Therefore, database queries may be performed during view rendering. Explicitly configure spring.jpa.open-in-view to disable this warning
2025-06-29 22:05:22 INFO  - Adding welcome page template: index
2025-06-29 22:05:22 INFO  - Tomcat started on port 8080 (http) with context path '/'
2025-06-29 22:05:22 INFO  - Started PharmApplication in 5.709 seconds (process running for 6.031)
2025-06-29 22:05:39 INFO  - Initializing Servlet 'dispatcherServlet'
2025-06-29 22:05:39 INFO  - Completed initialization in 1 ms
2025-06-29 23:37:00 INFO  - HV000001: Hibernate Validator 8.0.2.Final
2025-06-29 23:37:00 INFO  - Starting PharmApplication using Java 17.0.13 with PID 1196 (E:\험芋奬腎攻沸薪詛Java\pharmapp\build\classes\java\main started by digeo in E:\험芋奬腎攻沸薪詛Java\pharmapp)
2025-06-29 23:37:00 INFO  - The following 1 profile is active: "test"
2025-06-29 23:37:01 INFO  - Bootstrapping Spring Data JPA repositories in DEFAULT mode.
2025-06-29 23:37:01 INFO  - Finished Spring Data repository scanning in 52 ms. Found 4 JPA repository interfaces.
2025-06-29 23:37:01 INFO  - Tomcat initialized with port 8080 (http)
2025-06-29 23:37:01 INFO  - Root WebApplicationContext: initialization completed in 1324 ms
2025-06-29 23:37:02 INFO  - HHH000412: Hibernate ORM core version 6.6.15.Final
2025-06-29 23:37:02 INFO  - HHH000026: Second-level cache disabled
2025-06-29 23:37:02 INFO  - No LoadTimeWeaver setup: ignoring JPA class transformer
2025-06-29 23:37:02 WARN  - HHH90000025: MySQLDialect does not need to be specified explicitly using 'hibernate.dialect' (remove the property setting and it will be selected by default)
2025-06-29 23:37:02 INFO  - HHH10001005: Database info:
	Database JDBC URL [Connecting through datasource 'HikariDataSource (HikariPool-1)']
	Database driver: undefined/unknown
	Database version: 8.0.41
	Autocommit mode: undefined/unknown
	Isolation level: undefined/unknown
	Minimum pool size: undefined/unknown
	Maximum pool size: undefined/unknown
2025-06-29 23:37:03 INFO  - HHH000489: No JTA platform available (set 'hibernate.transaction.jta.platform' to enable JTA platform integration)
2025-06-29 23:37:03 INFO  - Initialized JPA EntityManagerFactory for persistence unit 'default'
2025-06-29 23:37:04 INFO  - Hibernate is in classpath; If applicable, HQL parser will be used.
2025-06-29 23:37:04 INFO  - Global AuthenticationManager configured with AuthenticationProvider bean with name authenticationProvider
2025-06-29 23:37:04 WARN  - Global AuthenticationManager configured with an AuthenticationProvider bean. UserDetailsService beans will not be used by Spring Security for automatically configuring username/password login. Consider removing the AuthenticationProvider bean. Alternatively, consider using the UserDetailsService in a manually instantiated DaoAuthenticationProvider. If the current configuration is intentional, to turn off this warning, increase the logging level of 'org.springframework.security.config.annotation.authentication.configuration.InitializeUserDetailsBeanManagerConfigurer' to ERROR
2025-06-29 23:37:05 WARN  - spring.jpa.open-in-view is enabled by default. Therefore, database queries may be performed during view rendering. Explicitly configure spring.jpa.open-in-view to disable this warning
2025-06-29 23:37:05 INFO  - Adding welcome page template: index
2025-06-29 23:37:05 INFO  - Tomcat started on port 8080 (http) with context path '/'
2025-06-29 23:37:05 INFO  - Started PharmApplication in 5.682 seconds (process running for 5.985)
2025-06-29 23:37:06 INFO  - Initializing Servlet 'dispatcherServlet'
2025-06-29 23:37:06 INFO  - Completed initialization in 1 ms
2025-06-29 23:45:04 INFO  - HV000001: Hibernate Validator 8.0.2.Final
2025-06-29 23:45:04 INFO  - Starting PharmApplication using Java 17.0.13 with PID 24796 (E:\험芋奬腎攻沸薪詛Java\pharmapp\build\classes\java\main started by digeo in E:\험芋奬腎攻沸薪詛Java\pharmapp)
2025-06-29 23:45:04 INFO  - The following 1 profile is active: "test"
2025-06-29 23:45:04 INFO  - Bootstrapping Spring Data JPA repositories in DEFAULT mode.
2025-06-29 23:45:04 INFO  - Finished Spring Data repository scanning in 54 ms. Found 4 JPA repository interfaces.
2025-06-29 23:45:05 INFO  - Tomcat initialized with port 8080 (http)
2025-06-29 23:45:05 INFO  - Root WebApplicationContext: initialization completed in 1346 ms
2025-06-29 23:45:05 INFO  - HHH000412: Hibernate ORM core version 6.6.15.Final
2025-06-29 23:45:05 INFO  - HHH000026: Second-level cache disabled
2025-06-29 23:45:05 INFO  - No LoadTimeWeaver setup: ignoring JPA class transformer
2025-06-29 23:45:06 WARN  - HHH90000025: MySQLDialect does not need to be specified explicitly using 'hibernate.dialect' (remove the property setting and it will be selected by default)
2025-06-29 23:45:06 INFO  - HHH10001005: Database info:
	Database JDBC URL [Connecting through datasource 'HikariDataSource (HikariPool-1)']
	Database driver: undefined/unknown
	Database version: 8.0.41
	Autocommit mode: undefined/unknown
	Isolation level: undefined/unknown
	Minimum pool size: undefined/unknown
	Maximum pool size: undefined/unknown
2025-06-29 23:45:07 INFO  - HHH000489: No JTA platform available (set 'hibernate.transaction.jta.platform' to enable JTA platform integration)
2025-06-29 23:45:07 INFO  - Initialized JPA EntityManagerFactory for persistence unit 'default'
2025-06-29 23:45:07 INFO  - Hibernate is in classpath; If applicable, HQL parser will be used.
2025-06-29 23:45:08 INFO  - Global AuthenticationManager configured with AuthenticationProvider bean with name authenticationProvider
2025-06-29 23:45:08 WARN  - Global AuthenticationManager configured with an AuthenticationProvider bean. UserDetailsService beans will not be used by Spring Security for automatically configuring username/password login. Consider removing the AuthenticationProvider bean. Alternatively, consider using the UserDetailsService in a manually instantiated DaoAuthenticationProvider. If the current configuration is intentional, to turn off this warning, increase the logging level of 'org.springframework.security.config.annotation.authentication.configuration.InitializeUserDetailsBeanManagerConfigurer' to ERROR
2025-06-29 23:45:08 WARN  - spring.jpa.open-in-view is enabled by default. Therefore, database queries may be performed during view rendering. Explicitly configure spring.jpa.open-in-view to disable this warning
2025-06-29 23:45:08 INFO  - Adding welcome page template: index
2025-06-29 23:45:08 INFO  - Tomcat started on port 8080 (http) with context path '/'
2025-06-29 23:45:08 INFO  - Started PharmApplication in 5.197 seconds (process running for 5.477)
2025-06-29 23:45:16 INFO  - Initializing Servlet 'dispatcherServlet'
2025-06-29 23:45:16 INFO  - Completed initialization in 1 ms
2025-06-29 23:52:18 INFO  - HV000001: Hibernate Validator 8.0.2.Final
2025-06-29 23:52:18 INFO  - Starting PharmApplication using Java 17.0.13 with PID 4140 (E:\험芋奬腎攻沸薪詛Java\pharmapp\build\classes\java\main started by digeo in E:\험芋奬腎攻沸薪詛Java\pharmapp)
2025-06-29 23:52:18 INFO  - The following 1 profile is active: "test"
2025-06-29 23:52:18 INFO  - Bootstrapping Spring Data JPA repositories in DEFAULT mode.
2025-06-29 23:52:18 INFO  - Finished Spring Data repository scanning in 50 ms. Found 4 JPA repository interfaces.
2025-06-29 23:52:19 INFO  - Tomcat initialized with port 8080 (http)
2025-06-29 23:52:19 INFO  - Root WebApplicationContext: initialization completed in 1406 ms
2025-06-29 23:52:19 INFO  - HHH000412: Hibernate ORM core version 6.6.15.Final
2025-06-29 23:52:19 INFO  - HHH000026: Second-level cache disabled
2025-06-29 23:52:20 INFO  - No LoadTimeWeaver setup: ignoring JPA class transformer
2025-06-29 23:52:20 WARN  - HHH90000025: MySQLDialect does not need to be specified explicitly using 'hibernate.dialect' (remove the property setting and it will be selected by default)
2025-06-29 23:52:20 INFO  - HHH10001005: Database info:
	Database JDBC URL [Connecting through datasource 'HikariDataSource (HikariPool-1)']
	Database driver: undefined/unknown
	Database version: 8.0.41
	Autocommit mode: undefined/unknown
	Isolation level: undefined/unknown
	Minimum pool size: undefined/unknown
	Maximum pool size: undefined/unknown
2025-06-29 23:52:21 INFO  - HHH000489: No JTA platform available (set 'hibernate.transaction.jta.platform' to enable JTA platform integration)
2025-06-29 23:52:21 INFO  - Initialized JPA EntityManagerFactory for persistence unit 'default'
2025-06-29 23:52:22 INFO  - Hibernate is in classpath; If applicable, HQL parser will be used.
2025-06-29 23:52:23 INFO  - Global AuthenticationManager configured with AuthenticationProvider bean with name authenticationProvider
2025-06-29 23:52:23 WARN  - Global AuthenticationManager configured with an AuthenticationProvider bean. UserDetailsService beans will not be used by Spring Security for automatically configuring username/password login. Consider removing the AuthenticationProvider bean. Alternatively, consider using the UserDetailsService in a manually instantiated DaoAuthenticationProvider. If the current configuration is intentional, to turn off this warning, increase the logging level of 'org.springframework.security.config.annotation.authentication.configuration.InitializeUserDetailsBeanManagerConfigurer' to ERROR
2025-06-29 23:52:23 WARN  - spring.jpa.open-in-view is enabled by default. Therefore, database queries may be performed during view rendering. Explicitly configure spring.jpa.open-in-view to disable this warning
2025-06-29 23:52:23 INFO  - Adding welcome page template: index
2025-06-29 23:52:23 INFO  - Tomcat started on port 8080 (http) with context path '/'
2025-06-29 23:52:23 INFO  - Started PharmApplication in 5.988 seconds (process running for 6.277)
2025-06-29 23:52:23 INFO  - Initializing Servlet 'dispatcherServlet'
2025-06-29 23:52:23 INFO  - Completed initialization in 1 ms
2025-06-29 23:53:58 INFO  - Contact created with ID: 15
2025-06-29 23:59:03 INFO  - HV000001: Hibernate Validator 8.0.2.Final
2025-06-29 23:59:04 INFO  - Starting PharmApplication using Java 17.0.13 with PID 14084 (E:\험芋奬腎攻沸薪詛Java\pharmapp\build\classes\java\main started by digeo in E:\험芋奬腎攻沸薪詛Java\pharmapp)
2025-06-29 23:59:04 INFO  - The following 1 profile is active: "test"
2025-06-29 23:59:04 INFO  - Bootstrapping Spring Data JPA repositories in DEFAULT mode.
2025-06-29 23:59:04 INFO  - Finished Spring Data repository scanning in 50 ms. Found 4 JPA repository interfaces.
2025-06-29 23:59:05 INFO  - Tomcat initialized with port 8080 (http)
2025-06-29 23:59:05 INFO  - Root WebApplicationContext: initialization completed in 1338 ms
2025-06-29 23:59:05 INFO  - HHH000412: Hibernate ORM core version 6.6.15.Final
2025-06-29 23:59:05 INFO  - HHH000026: Second-level cache disabled
2025-06-29 23:59:05 INFO  - No LoadTimeWeaver setup: ignoring JPA class transformer
2025-06-29 23:59:06 WARN  - HHH90000025: MySQLDialect does not need to be specified explicitly using 'hibernate.dialect' (remove the property setting and it will be selected by default)
2025-06-29 23:59:06 INFO  - HHH10001005: Database info:
	Database JDBC URL [Connecting through datasource 'HikariDataSource (HikariPool-1)']
	Database driver: undefined/unknown
	Database version: 8.0.41
	Autocommit mode: undefined/unknown
	Isolation level: undefined/unknown
	Minimum pool size: undefined/unknown
	Maximum pool size: undefined/unknown
2025-06-29 23:59:07 INFO  - HHH000489: No JTA platform available (set 'hibernate.transaction.jta.platform' to enable JTA platform integration)
2025-06-29 23:59:07 INFO  - Initialized JPA EntityManagerFactory for persistence unit 'default'
2025-06-29 23:59:07 INFO  - Hibernate is in classpath; If applicable, HQL parser will be used.
2025-06-29 23:59:08 INFO  - Global AuthenticationManager configured with AuthenticationProvider bean with name authenticationProvider
2025-06-29 23:59:08 WARN  - Global AuthenticationManager configured with an AuthenticationProvider bean. UserDetailsService beans will not be used by Spring Security for automatically configuring username/password login. Consider removing the AuthenticationProvider bean. Alternatively, consider using the UserDetailsService in a manually instantiated DaoAuthenticationProvider. If the current configuration is intentional, to turn off this warning, increase the logging level of 'org.springframework.security.config.annotation.authentication.configuration.InitializeUserDetailsBeanManagerConfigurer' to ERROR
2025-06-29 23:59:08 WARN  - spring.jpa.open-in-view is enabled by default. Therefore, database queries may be performed during view rendering. Explicitly configure spring.jpa.open-in-view to disable this warning
2025-06-29 23:59:08 INFO  - Adding welcome page template: index
2025-06-29 23:59:08 INFO  - Tomcat started on port 8080 (http) with context path '/'
2025-06-29 23:59:08 INFO  - Started PharmApplication in 5.477 seconds (process running for 5.805)
2025-06-29 23:59:16 INFO  - Initializing Servlet 'dispatcherServlet'
2025-06-29 23:59:16 INFO  - Completed initialization in 1 ms
