2025-06-30 00:16:54 INFO  - HV000001: Hibernate Validator 8.0.2.Final
2025-06-30 00:16:54 INFO  - Starting PharmApplication using Java 17.0.13 with PID 24928 (E:\험芋奬腎攻沸薪詛Java\pharmapp\build\classes\java\main started by digeo in E:\험芋奬腎攻沸薪詛Java\pharmapp)
2025-06-30 00:16:54 INFO  - The following 1 profile is active: "test"
2025-06-30 00:16:54 INFO  - Bootstrapping Spring Data JPA repositories in DEFAULT mode.
2025-06-30 00:16:54 INFO  - Finished Spring Data repository scanning in 49 ms. Found 4 JPA repository interfaces.
2025-06-30 00:16:55 INFO  - Tomcat initialized with port 8080 (http)
2025-06-30 00:16:55 INFO  - Root WebApplicationContext: initialization completed in 1279 ms
2025-06-30 00:16:55 INFO  - HHH000412: Hibernate ORM core version 6.6.15.Final
2025-06-30 00:16:55 INFO  - HHH000026: Second-level cache disabled
2025-06-30 00:16:55 INFO  - No LoadTimeWeaver setup: ignoring JPA class transformer
2025-06-30 00:16:56 WARN  - HHH90000025: MySQLDialect does not need to be specified explicitly using 'hibernate.dialect' (remove the property setting and it will be selected by default)
2025-06-30 00:16:56 INFO  - HHH10001005: Database info:
	Database JDBC URL [Connecting through datasource 'HikariDataSource (HikariPool-1)']
	Database driver: undefined/unknown
	Database version: 8.0.41
	Autocommit mode: undefined/unknown
	Isolation level: undefined/unknown
	Minimum pool size: undefined/unknown
	Maximum pool size: undefined/unknown
2025-06-30 00:16:57 INFO  - HHH000489: No JTA platform available (set 'hibernate.transaction.jta.platform' to enable JTA platform integration)
2025-06-30 00:16:57 INFO  - Initialized JPA EntityManagerFactory for persistence unit 'default'
2025-06-30 00:16:57 INFO  - Hibernate is in classpath; If applicable, HQL parser will be used.
2025-06-30 00:16:58 INFO  - Global AuthenticationManager configured with AuthenticationProvider bean with name authenticationProvider
2025-06-30 00:16:58 WARN  - Global AuthenticationManager configured with an AuthenticationProvider bean. UserDetailsService beans will not be used by Spring Security for automatically configuring username/password login. Consider removing the AuthenticationProvider bean. Alternatively, consider using the UserDetailsService in a manually instantiated DaoAuthenticationProvider. If the current configuration is intentional, to turn off this warning, increase the logging level of 'org.springframework.security.config.annotation.authentication.configuration.InitializeUserDetailsBeanManagerConfigurer' to ERROR
2025-06-30 00:16:58 WARN  - spring.jpa.open-in-view is enabled by default. Therefore, database queries may be performed during view rendering. Explicitly configure spring.jpa.open-in-view to disable this warning
2025-06-30 00:16:58 INFO  - Adding welcome page template: index
2025-06-30 00:16:58 INFO  - Tomcat started on port 8080 (http) with context path '/'
2025-06-30 00:16:58 INFO  - Started PharmApplication in 4.997 seconds (process running for 5.279)
2025-06-30 00:17:03 INFO  - Initializing Servlet 'dispatcherServlet'
2025-06-30 00:17:03 INFO  - Completed initialization in 1 ms
2025-06-30 00:18:33 INFO  - Pharmacy 16 updated by user 2
2025-06-30 00:19:39 INFO  - TradeRecord with id=23 deleted by user with id=2
2025-06-30 00:20:12 INFO  - TradeRecord created successfully with ID: 32
2025-06-30 00:38:34 INFO  - HV000001: Hibernate Validator 8.0.2.Final
2025-06-30 00:38:34 INFO  - Starting PharmApplication using Java 17.0.13 with PID 20340 (E:\험芋奬腎攻沸薪詛Java\pharmapp\build\classes\java\main started by digeo in E:\험芋奬腎攻沸薪詛Java\pharmapp)
2025-06-30 00:38:34 INFO  - The following 1 profile is active: "test"
2025-06-30 00:38:35 INFO  - Bootstrapping Spring Data JPA repositories in DEFAULT mode.
2025-06-30 00:38:35 INFO  - Finished Spring Data repository scanning in 53 ms. Found 4 JPA repository interfaces.
2025-06-30 00:38:36 INFO  - Tomcat initialized with port 8080 (http)
2025-06-30 00:38:36 INFO  - Root WebApplicationContext: initialization completed in 1614 ms
2025-06-30 00:38:36 INFO  - HHH000412: Hibernate ORM core version 6.6.15.Final
2025-06-30 00:38:36 INFO  - HHH000026: Second-level cache disabled
2025-06-30 00:38:36 INFO  - No LoadTimeWeaver setup: ignoring JPA class transformer
2025-06-30 00:38:37 WARN  - HHH90000025: MySQLDialect does not need to be specified explicitly using 'hibernate.dialect' (remove the property setting and it will be selected by default)
2025-06-30 00:38:37 INFO  - HHH10001005: Database info:
	Database JDBC URL [Connecting through datasource 'HikariDataSource (HikariPool-1)']
	Database driver: undefined/unknown
	Database version: 8.0.41
	Autocommit mode: undefined/unknown
	Isolation level: undefined/unknown
	Minimum pool size: undefined/unknown
	Maximum pool size: undefined/unknown
2025-06-30 00:38:38 INFO  - HHH000489: No JTA platform available (set 'hibernate.transaction.jta.platform' to enable JTA platform integration)
2025-06-30 00:38:38 INFO  - Initialized JPA EntityManagerFactory for persistence unit 'default'
2025-06-30 00:38:38 INFO  - Hibernate is in classpath; If applicable, HQL parser will be used.
2025-06-30 00:38:39 INFO  - Global AuthenticationManager configured with AuthenticationProvider bean with name authenticationProvider
2025-06-30 00:38:39 WARN  - Global AuthenticationManager configured with an AuthenticationProvider bean. UserDetailsService beans will not be used by Spring Security for automatically configuring username/password login. Consider removing the AuthenticationProvider bean. Alternatively, consider using the UserDetailsService in a manually instantiated DaoAuthenticationProvider. If the current configuration is intentional, to turn off this warning, increase the logging level of 'org.springframework.security.config.annotation.authentication.configuration.InitializeUserDetailsBeanManagerConfigurer' to ERROR
2025-06-30 00:38:39 WARN  - spring.jpa.open-in-view is enabled by default. Therefore, database queries may be performed during view rendering. Explicitly configure spring.jpa.open-in-view to disable this warning
2025-06-30 00:38:39 INFO  - Adding welcome page template: index
2025-06-30 00:38:39 INFO  - Tomcat started on port 8080 (http) with context path '/'
2025-06-30 00:38:39 INFO  - Started PharmApplication in 5.623 seconds (process running for 5.938)
2025-06-30 00:38:39 INFO  - Initializing Servlet 'dispatcherServlet'
2025-06-30 00:38:39 INFO  - Completed initialization in 1 ms
2025-06-30 00:38:52 INFO  - HV000001: Hibernate Validator 8.0.2.Final
2025-06-30 00:38:52 INFO  - Starting PharmApplication using Java 17.0.13 with PID 14632 (E:\험芋奬腎攻沸薪詛Java\pharmapp\build\classes\java\main started by digeo in E:\험芋奬腎攻沸薪詛Java\pharmapp)
2025-06-30 00:38:52 INFO  - The following 1 profile is active: "test"
2025-06-30 00:38:53 INFO  - Bootstrapping Spring Data JPA repositories in DEFAULT mode.
2025-06-30 00:38:53 INFO  - Finished Spring Data repository scanning in 49 ms. Found 4 JPA repository interfaces.
2025-06-30 00:38:54 INFO  - Tomcat initialized with port 8080 (http)
2025-06-30 00:38:54 INFO  - Root WebApplicationContext: initialization completed in 1369 ms
2025-06-30 00:38:54 INFO  - HHH000412: Hibernate ORM core version 6.6.15.Final
2025-06-30 00:38:54 INFO  - HHH000026: Second-level cache disabled
2025-06-30 00:38:54 INFO  - No LoadTimeWeaver setup: ignoring JPA class transformer
2025-06-30 00:38:54 WARN  - HHH90000025: MySQLDialect does not need to be specified explicitly using 'hibernate.dialect' (remove the property setting and it will be selected by default)
2025-06-30 00:38:54 INFO  - HHH10001005: Database info:
	Database JDBC URL [Connecting through datasource 'HikariDataSource (HikariPool-1)']
	Database driver: undefined/unknown
	Database version: 8.0.41
	Autocommit mode: undefined/unknown
	Isolation level: undefined/unknown
	Minimum pool size: undefined/unknown
	Maximum pool size: undefined/unknown
2025-06-30 00:38:55 INFO  - HHH000489: No JTA platform available (set 'hibernate.transaction.jta.platform' to enable JTA platform integration)
2025-06-30 00:38:55 INFO  - Initialized JPA EntityManagerFactory for persistence unit 'default'
2025-06-30 00:38:56 INFO  - Hibernate is in classpath; If applicable, HQL parser will be used.
2025-06-30 00:38:56 INFO  - Global AuthenticationManager configured with AuthenticationProvider bean with name authenticationProvider
2025-06-30 00:38:56 WARN  - Global AuthenticationManager configured with an AuthenticationProvider bean. UserDetailsService beans will not be used by Spring Security for automatically configuring username/password login. Consider removing the AuthenticationProvider bean. Alternatively, consider using the UserDetailsService in a manually instantiated DaoAuthenticationProvider. If the current configuration is intentional, to turn off this warning, increase the logging level of 'org.springframework.security.config.annotation.authentication.configuration.InitializeUserDetailsBeanManagerConfigurer' to ERROR
2025-06-30 00:38:56 WARN  - spring.jpa.open-in-view is enabled by default. Therefore, database queries may be performed during view rendering. Explicitly configure spring.jpa.open-in-view to disable this warning
2025-06-30 00:38:56 INFO  - Adding welcome page template: index
2025-06-30 00:38:57 INFO  - Tomcat started on port 8080 (http) with context path '/'
2025-06-30 00:38:57 INFO  - Started PharmApplication in 5.216 seconds (process running for 5.621)
2025-06-30 00:38:59 INFO  - Initializing Servlet 'dispatcherServlet'
2025-06-30 00:38:59 INFO  - Completed initialization in 1 ms
2025-06-30 00:39:40 INFO  - TradeRecord created successfully with ID: 33
2025-06-30 00:43:01 INFO  - TradeRecord created successfully with ID: 34
2025-06-30 00:48:58 INFO  - HV000001: Hibernate Validator 8.0.2.Final
2025-06-30 00:48:58 INFO  - Starting PharmApplication using Java 17.0.13 with PID 8416 (E:\험芋奬腎攻沸薪詛Java\pharmapp\build\classes\java\main started by digeo in E:\험芋奬腎攻沸薪詛Java\pharmapp)
2025-06-30 00:48:58 INFO  - The following 1 profile is active: "test"
2025-06-30 00:48:58 INFO  - Bootstrapping Spring Data JPA repositories in DEFAULT mode.
2025-06-30 00:48:58 INFO  - Finished Spring Data repository scanning in 60 ms. Found 4 JPA repository interfaces.
2025-06-30 00:48:59 INFO  - Tomcat initialized with port 8080 (http)
2025-06-30 00:48:59 INFO  - Root WebApplicationContext: initialization completed in 1351 ms
2025-06-30 00:48:59 INFO  - HHH000412: Hibernate ORM core version 6.6.15.Final
2025-06-30 00:48:59 INFO  - HHH000026: Second-level cache disabled
2025-06-30 00:49:00 INFO  - No LoadTimeWeaver setup: ignoring JPA class transformer
2025-06-30 00:49:00 WARN  - HHH90000025: MySQLDialect does not need to be specified explicitly using 'hibernate.dialect' (remove the property setting and it will be selected by default)
2025-06-30 00:49:00 INFO  - HHH10001005: Database info:
	Database JDBC URL [Connecting through datasource 'HikariDataSource (HikariPool-1)']
	Database driver: undefined/unknown
	Database version: 8.0.41
	Autocommit mode: undefined/unknown
	Isolation level: undefined/unknown
	Minimum pool size: undefined/unknown
	Maximum pool size: undefined/unknown
2025-06-30 00:49:02 INFO  - HHH000489: No JTA platform available (set 'hibernate.transaction.jta.platform' to enable JTA platform integration)
2025-06-30 00:49:02 INFO  - Initialized JPA EntityManagerFactory for persistence unit 'default'
2025-06-30 00:49:02 INFO  - Hibernate is in classpath; If applicable, HQL parser will be used.
2025-06-30 00:49:03 INFO  - Global AuthenticationManager configured with AuthenticationProvider bean with name authenticationProvider
2025-06-30 00:49:03 WARN  - Global AuthenticationManager configured with an AuthenticationProvider bean. UserDetailsService beans will not be used by Spring Security for automatically configuring username/password login. Consider removing the AuthenticationProvider bean. Alternatively, consider using the UserDetailsService in a manually instantiated DaoAuthenticationProvider. If the current configuration is intentional, to turn off this warning, increase the logging level of 'org.springframework.security.config.annotation.authentication.configuration.InitializeUserDetailsBeanManagerConfigurer' to ERROR
2025-06-30 00:49:03 WARN  - spring.jpa.open-in-view is enabled by default. Therefore, database queries may be performed during view rendering. Explicitly configure spring.jpa.open-in-view to disable this warning
2025-06-30 00:49:03 INFO  - Adding welcome page template: index
2025-06-30 00:49:03 INFO  - Tomcat started on port 8080 (http) with context path '/'
2025-06-30 00:49:03 INFO  - Started PharmApplication in 5.843 seconds (process running for 6.141)
2025-06-30 00:49:06 INFO  - Initializing Servlet 'dispatcherServlet'
2025-06-30 00:49:06 INFO  - Completed initialization in 1 ms
2025-06-30 00:49:22 INFO  - TradeRecord created successfully with ID: 35
2025-06-30 00:51:37 INFO  - HV000001: Hibernate Validator 8.0.2.Final
2025-06-30 00:51:37 INFO  - Starting PharmApplication using Java 17.0.13 with PID 21828 (E:\험芋奬腎攻沸薪詛Java\pharmapp\build\classes\java\main started by digeo in E:\험芋奬腎攻沸薪詛Java\pharmapp)
2025-06-30 00:51:37 INFO  - The following 1 profile is active: "test"
2025-06-30 00:51:38 INFO  - Bootstrapping Spring Data JPA repositories in DEFAULT mode.
2025-06-30 00:51:38 INFO  - Finished Spring Data repository scanning in 56 ms. Found 4 JPA repository interfaces.
2025-06-30 00:51:38 INFO  - Tomcat initialized with port 8080 (http)
2025-06-30 00:51:38 INFO  - Root WebApplicationContext: initialization completed in 1386 ms
2025-06-30 00:51:39 INFO  - HHH000412: Hibernate ORM core version 6.6.15.Final
2025-06-30 00:51:39 INFO  - HHH000026: Second-level cache disabled
2025-06-30 00:51:39 INFO  - No LoadTimeWeaver setup: ignoring JPA class transformer
2025-06-30 00:51:39 WARN  - HHH90000025: MySQLDialect does not need to be specified explicitly using 'hibernate.dialect' (remove the property setting and it will be selected by default)
2025-06-30 00:51:39 INFO  - HHH10001005: Database info:
	Database JDBC URL [Connecting through datasource 'HikariDataSource (HikariPool-1)']
	Database driver: undefined/unknown
	Database version: 8.0.41
	Autocommit mode: undefined/unknown
	Isolation level: undefined/unknown
	Minimum pool size: undefined/unknown
	Maximum pool size: undefined/unknown
2025-06-30 00:51:40 INFO  - HHH000489: No JTA platform available (set 'hibernate.transaction.jta.platform' to enable JTA platform integration)
2025-06-30 00:51:40 INFO  - Initialized JPA EntityManagerFactory for persistence unit 'default'
2025-06-30 00:51:41 INFO  - Hibernate is in classpath; If applicable, HQL parser will be used.
2025-06-30 00:51:41 INFO  - Global AuthenticationManager configured with AuthenticationProvider bean with name authenticationProvider
2025-06-30 00:51:41 WARN  - Global AuthenticationManager configured with an AuthenticationProvider bean. UserDetailsService beans will not be used by Spring Security for automatically configuring username/password login. Consider removing the AuthenticationProvider bean. Alternatively, consider using the UserDetailsService in a manually instantiated DaoAuthenticationProvider. If the current configuration is intentional, to turn off this warning, increase the logging level of 'org.springframework.security.config.annotation.authentication.configuration.InitializeUserDetailsBeanManagerConfigurer' to ERROR
2025-06-30 00:51:41 WARN  - spring.jpa.open-in-view is enabled by default. Therefore, database queries may be performed during view rendering. Explicitly configure spring.jpa.open-in-view to disable this warning
2025-06-30 00:51:41 INFO  - Adding welcome page template: index
2025-06-30 00:51:42 INFO  - Tomcat started on port 8080 (http) with context path '/'
2025-06-30 00:51:42 INFO  - Started PharmApplication in 5.29 seconds (process running for 5.578)
2025-06-30 00:51:46 INFO  - Initializing Servlet 'dispatcherServlet'
2025-06-30 00:51:46 INFO  - Completed initialization in 1 ms
2025-06-30 01:01:21 INFO  - HV000001: Hibernate Validator 8.0.2.Final
2025-06-30 01:01:21 INFO  - Starting PharmApplication using Java 17.0.13 with PID 23600 (E:\험芋奬腎攻沸薪詛Java\pharmapp\build\classes\java\main started by digeo in E:\험芋奬腎攻沸薪詛Java\pharmapp)
2025-06-30 01:01:21 INFO  - The following 1 profile is active: "test"
2025-06-30 01:01:22 INFO  - Bootstrapping Spring Data JPA repositories in DEFAULT mode.
2025-06-30 01:01:22 INFO  - Finished Spring Data repository scanning in 49 ms. Found 4 JPA repository interfaces.
2025-06-30 01:01:22 INFO  - Tomcat initialized with port 8080 (http)
2025-06-30 01:01:23 INFO  - Root WebApplicationContext: initialization completed in 1291 ms
2025-06-30 01:01:23 INFO  - HHH000412: Hibernate ORM core version 6.6.15.Final
2025-06-30 01:01:23 INFO  - HHH000026: Second-level cache disabled
2025-06-30 01:01:23 INFO  - No LoadTimeWeaver setup: ignoring JPA class transformer
2025-06-30 01:01:23 WARN  - HHH90000025: MySQLDialect does not need to be specified explicitly using 'hibernate.dialect' (remove the property setting and it will be selected by default)
2025-06-30 01:01:23 INFO  - HHH10001005: Database info:
	Database JDBC URL [Connecting through datasource 'HikariDataSource (HikariPool-1)']
	Database driver: undefined/unknown
	Database version: 8.0.41
	Autocommit mode: undefined/unknown
	Isolation level: undefined/unknown
	Minimum pool size: undefined/unknown
	Maximum pool size: undefined/unknown
2025-06-30 01:01:25 INFO  - HHH000489: No JTA platform available (set 'hibernate.transaction.jta.platform' to enable JTA platform integration)
2025-06-30 01:01:25 INFO  - Initialized JPA EntityManagerFactory for persistence unit 'default'
2025-06-30 01:01:25 INFO  - Hibernate is in classpath; If applicable, HQL parser will be used.
2025-06-30 01:01:25 INFO  - Global AuthenticationManager configured with AuthenticationProvider bean with name authenticationProvider
2025-06-30 01:01:25 WARN  - Global AuthenticationManager configured with an AuthenticationProvider bean. UserDetailsService beans will not be used by Spring Security for automatically configuring username/password login. Consider removing the AuthenticationProvider bean. Alternatively, consider using the UserDetailsService in a manually instantiated DaoAuthenticationProvider. If the current configuration is intentional, to turn off this warning, increase the logging level of 'org.springframework.security.config.annotation.authentication.configuration.InitializeUserDetailsBeanManagerConfigurer' to ERROR
2025-06-30 01:01:26 WARN  - spring.jpa.open-in-view is enabled by default. Therefore, database queries may be performed during view rendering. Explicitly configure spring.jpa.open-in-view to disable this warning
2025-06-30 01:01:26 INFO  - Adding welcome page template: index
2025-06-30 01:01:26 INFO  - Tomcat started on port 8080 (http) with context path '/'
2025-06-30 01:01:26 INFO  - Started PharmApplication in 5.23 seconds (process running for 5.509)
2025-06-30 01:01:33 INFO  - Initializing Servlet 'dispatcherServlet'
2025-06-30 01:01:33 INFO  - Completed initialization in 1 ms
2025-06-30 01:04:02 INFO  - HV000001: Hibernate Validator 8.0.2.Final
2025-06-30 01:04:02 INFO  - Starting PharmApplication using Java 17.0.13 with PID 16352 (E:\험芋奬腎攻沸薪詛Java\pharmapp\build\classes\java\main started by digeo in E:\험芋奬腎攻沸薪詛Java\pharmapp)
2025-06-30 01:04:02 INFO  - The following 1 profile is active: "test"
2025-06-30 01:04:03 INFO  - Bootstrapping Spring Data JPA repositories in DEFAULT mode.
2025-06-30 01:04:03 INFO  - Finished Spring Data repository scanning in 52 ms. Found 4 JPA repository interfaces.
2025-06-30 01:04:03 INFO  - Tomcat initialized with port 8080 (http)
2025-06-30 01:04:03 INFO  - Root WebApplicationContext: initialization completed in 1386 ms
2025-06-30 01:04:04 INFO  - HHH000412: Hibernate ORM core version 6.6.15.Final
2025-06-30 01:04:04 INFO  - HHH000026: Second-level cache disabled
2025-06-30 01:04:04 INFO  - No LoadTimeWeaver setup: ignoring JPA class transformer
2025-06-30 01:04:04 WARN  - HHH90000025: MySQLDialect does not need to be specified explicitly using 'hibernate.dialect' (remove the property setting and it will be selected by default)
2025-06-30 01:04:04 INFO  - HHH10001005: Database info:
	Database JDBC URL [Connecting through datasource 'HikariDataSource (HikariPool-1)']
	Database driver: undefined/unknown
	Database version: 8.0.41
	Autocommit mode: undefined/unknown
	Isolation level: undefined/unknown
	Minimum pool size: undefined/unknown
	Maximum pool size: undefined/unknown
2025-06-30 01:04:05 INFO  - HHH000489: No JTA platform available (set 'hibernate.transaction.jta.platform' to enable JTA platform integration)
2025-06-30 01:04:05 INFO  - Initialized JPA EntityManagerFactory for persistence unit 'default'
2025-06-30 01:04:06 INFO  - Hibernate is in classpath; If applicable, HQL parser will be used.
2025-06-30 01:04:06 INFO  - Global AuthenticationManager configured with AuthenticationProvider bean with name authenticationProvider
2025-06-30 01:04:06 WARN  - Global AuthenticationManager configured with an AuthenticationProvider bean. UserDetailsService beans will not be used by Spring Security for automatically configuring username/password login. Consider removing the AuthenticationProvider bean. Alternatively, consider using the UserDetailsService in a manually instantiated DaoAuthenticationProvider. If the current configuration is intentional, to turn off this warning, increase the logging level of 'org.springframework.security.config.annotation.authentication.configuration.InitializeUserDetailsBeanManagerConfigurer' to ERROR
2025-06-30 01:04:06 WARN  - spring.jpa.open-in-view is enabled by default. Therefore, database queries may be performed during view rendering. Explicitly configure spring.jpa.open-in-view to disable this warning
2025-06-30 01:04:06 INFO  - Adding welcome page template: index
2025-06-30 01:04:07 INFO  - Tomcat started on port 8080 (http) with context path '/'
2025-06-30 01:04:07 INFO  - Started PharmApplication in 5.092 seconds (process running for 5.378)
2025-06-30 01:04:11 INFO  - Initializing Servlet 'dispatcherServlet'
2025-06-30 01:04:11 INFO  - Completed initialization in 1 ms
2025-06-30 01:05:53 INFO  - HV000001: Hibernate Validator 8.0.2.Final
2025-06-30 01:05:53 INFO  - Starting PharmApplication using Java 17.0.13 with PID 25344 (E:\험芋奬腎攻沸薪詛Java\pharmapp\build\classes\java\main started by digeo in E:\험芋奬腎攻沸薪詛Java\pharmapp)
2025-06-30 01:05:53 INFO  - The following 1 profile is active: "test"
2025-06-30 01:05:54 INFO  - Bootstrapping Spring Data JPA repositories in DEFAULT mode.
2025-06-30 01:05:54 INFO  - Finished Spring Data repository scanning in 49 ms. Found 4 JPA repository interfaces.
2025-06-30 01:05:55 INFO  - Tomcat initialized with port 8080 (http)
2025-06-30 01:05:55 INFO  - Root WebApplicationContext: initialization completed in 2057 ms
2025-06-30 01:05:55 INFO  - HHH000412: Hibernate ORM core version 6.6.15.Final
2025-06-30 01:05:55 INFO  - HHH000026: Second-level cache disabled
2025-06-30 01:05:55 INFO  - No LoadTimeWeaver setup: ignoring JPA class transformer
2025-06-30 01:05:56 WARN  - HHH90000025: MySQLDialect does not need to be specified explicitly using 'hibernate.dialect' (remove the property setting and it will be selected by default)
2025-06-30 01:05:56 INFO  - HHH10001005: Database info:
	Database JDBC URL [Connecting through datasource 'HikariDataSource (HikariPool-1)']
	Database driver: undefined/unknown
	Database version: 8.0.41
	Autocommit mode: undefined/unknown
	Isolation level: undefined/unknown
	Minimum pool size: undefined/unknown
	Maximum pool size: undefined/unknown
2025-06-30 01:05:56 INFO  - HHH000489: No JTA platform available (set 'hibernate.transaction.jta.platform' to enable JTA platform integration)
2025-06-30 01:05:57 INFO  - Initialized JPA EntityManagerFactory for persistence unit 'default'
2025-06-30 01:05:57 INFO  - Hibernate is in classpath; If applicable, HQL parser will be used.
2025-06-30 01:05:58 INFO  - Global AuthenticationManager configured with AuthenticationProvider bean with name authenticationProvider
2025-06-30 01:05:58 WARN  - Global AuthenticationManager configured with an AuthenticationProvider bean. UserDetailsService beans will not be used by Spring Security for automatically configuring username/password login. Consider removing the AuthenticationProvider bean. Alternatively, consider using the UserDetailsService in a manually instantiated DaoAuthenticationProvider. If the current configuration is intentional, to turn off this warning, increase the logging level of 'org.springframework.security.config.annotation.authentication.configuration.InitializeUserDetailsBeanManagerConfigurer' to ERROR
2025-06-30 01:05:58 WARN  - spring.jpa.open-in-view is enabled by default. Therefore, database queries may be performed during view rendering. Explicitly configure spring.jpa.open-in-view to disable this warning
2025-06-30 01:05:58 INFO  - Adding welcome page template: index
2025-06-30 01:05:58 INFO  - Tomcat started on port 8080 (http) with context path '/'
2025-06-30 01:05:58 INFO  - Started PharmApplication in 5.977 seconds (process running for 6.276)
2025-06-30 01:05:59 INFO  - Initializing Servlet 'dispatcherServlet'
2025-06-30 01:05:59 INFO  - Completed initialization in 2 ms
2025-06-30 01:07:21 INFO  - HV000001: Hibernate Validator 8.0.2.Final
2025-06-30 01:07:21 INFO  - Starting PharmApplication using Java 17.0.13 with PID 24284 (E:\험芋奬腎攻沸薪詛Java\pharmapp\build\classes\java\main started by digeo in E:\험芋奬腎攻沸薪詛Java\pharmapp)
2025-06-30 01:07:21 INFO  - The following 1 profile is active: "test"
2025-06-30 01:07:22 INFO  - Bootstrapping Spring Data JPA repositories in DEFAULT mode.
2025-06-30 01:07:22 INFO  - Finished Spring Data repository scanning in 53 ms. Found 4 JPA repository interfaces.
2025-06-30 01:07:22 INFO  - Tomcat initialized with port 8080 (http)
2025-06-30 01:07:22 INFO  - Root WebApplicationContext: initialization completed in 1291 ms
2025-06-30 01:07:23 INFO  - HHH000412: Hibernate ORM core version 6.6.15.Final
2025-06-30 01:07:23 INFO  - HHH000026: Second-level cache disabled
2025-06-30 01:07:23 INFO  - No LoadTimeWeaver setup: ignoring JPA class transformer
2025-06-30 01:07:23 WARN  - HHH90000025: MySQLDialect does not need to be specified explicitly using 'hibernate.dialect' (remove the property setting and it will be selected by default)
2025-06-30 01:07:23 INFO  - HHH10001005: Database info:
	Database JDBC URL [Connecting through datasource 'HikariDataSource (HikariPool-1)']
	Database driver: undefined/unknown
	Database version: 8.0.41
	Autocommit mode: undefined/unknown
	Isolation level: undefined/unknown
	Minimum pool size: undefined/unknown
	Maximum pool size: undefined/unknown
2025-06-30 01:07:24 INFO  - HHH000489: No JTA platform available (set 'hibernate.transaction.jta.platform' to enable JTA platform integration)
2025-06-30 01:07:24 INFO  - Initialized JPA EntityManagerFactory for persistence unit 'default'
2025-06-30 01:07:25 INFO  - Hibernate is in classpath; If applicable, HQL parser will be used.
2025-06-30 01:07:26 INFO  - Global AuthenticationManager configured with AuthenticationProvider bean with name authenticationProvider
2025-06-30 01:07:26 WARN  - Global AuthenticationManager configured with an AuthenticationProvider bean. UserDetailsService beans will not be used by Spring Security for automatically configuring username/password login. Consider removing the AuthenticationProvider bean. Alternatively, consider using the UserDetailsService in a manually instantiated DaoAuthenticationProvider. If the current configuration is intentional, to turn off this warning, increase the logging level of 'org.springframework.security.config.annotation.authentication.configuration.InitializeUserDetailsBeanManagerConfigurer' to ERROR
2025-06-30 01:07:26 WARN  - spring.jpa.open-in-view is enabled by default. Therefore, database queries may be performed during view rendering. Explicitly configure spring.jpa.open-in-view to disable this warning
2025-06-30 01:07:26 INFO  - Adding welcome page template: index
2025-06-30 01:07:26 INFO  - Tomcat started on port 8080 (http) with context path '/'
2025-06-30 01:07:26 INFO  - Started PharmApplication in 5.528 seconds (process running for 5.85)
2025-06-30 01:07:26 INFO  - Initializing Servlet 'dispatcherServlet'
2025-06-30 01:07:26 INFO  - Completed initialization in 1 ms
2025-06-30 01:09:49 INFO  - HV000001: Hibernate Validator 8.0.2.Final
2025-06-30 01:09:49 INFO  - Starting PharmApplication using Java 17.0.13 with PID 12636 (E:\험芋奬腎攻沸薪詛Java\pharmapp\build\classes\java\main started by digeo in E:\험芋奬腎攻沸薪詛Java\pharmapp)
2025-06-30 01:09:49 INFO  - The following 1 profile is active: "test"
2025-06-30 01:09:50 INFO  - Bootstrapping Spring Data JPA repositories in DEFAULT mode.
2025-06-30 01:09:50 INFO  - Finished Spring Data repository scanning in 55 ms. Found 4 JPA repository interfaces.
2025-06-30 01:09:50 INFO  - Tomcat initialized with port 8080 (http)
2025-06-30 01:09:51 INFO  - Root WebApplicationContext: initialization completed in 1384 ms
2025-06-30 01:09:51 INFO  - HHH000412: Hibernate ORM core version 6.6.15.Final
2025-06-30 01:09:51 INFO  - HHH000026: Second-level cache disabled
2025-06-30 01:09:51 INFO  - No LoadTimeWeaver setup: ignoring JPA class transformer
2025-06-30 01:09:51 WARN  - HHH90000025: MySQLDialect does not need to be specified explicitly using 'hibernate.dialect' (remove the property setting and it will be selected by default)
2025-06-30 01:09:51 INFO  - HHH10001005: Database info:
	Database JDBC URL [Connecting through datasource 'HikariDataSource (HikariPool-1)']
	Database driver: undefined/unknown
	Database version: 8.0.41
	Autocommit mode: undefined/unknown
	Isolation level: undefined/unknown
	Minimum pool size: undefined/unknown
	Maximum pool size: undefined/unknown
2025-06-30 01:09:52 INFO  - HHH000489: No JTA platform available (set 'hibernate.transaction.jta.platform' to enable JTA platform integration)
2025-06-30 01:09:52 INFO  - Initialized JPA EntityManagerFactory for persistence unit 'default'
2025-06-30 01:09:53 INFO  - Hibernate is in classpath; If applicable, HQL parser will be used.
2025-06-30 01:09:53 INFO  - Global AuthenticationManager configured with AuthenticationProvider bean with name authenticationProvider
2025-06-30 01:09:53 WARN  - Global AuthenticationManager configured with an AuthenticationProvider bean. UserDetailsService beans will not be used by Spring Security for automatically configuring username/password login. Consider removing the AuthenticationProvider bean. Alternatively, consider using the UserDetailsService in a manually instantiated DaoAuthenticationProvider. If the current configuration is intentional, to turn off this warning, increase the logging level of 'org.springframework.security.config.annotation.authentication.configuration.InitializeUserDetailsBeanManagerConfigurer' to ERROR
2025-06-30 01:09:53 WARN  - spring.jpa.open-in-view is enabled by default. Therefore, database queries may be performed during view rendering. Explicitly configure spring.jpa.open-in-view to disable this warning
2025-06-30 01:09:53 INFO  - Adding welcome page template: index
2025-06-30 01:09:54 INFO  - Tomcat started on port 8080 (http) with context path '/'
2025-06-30 01:09:54 INFO  - Started PharmApplication in 5.21 seconds (process running for 5.505)
2025-06-30 01:10:36 INFO  - HV000001: Hibernate Validator 8.0.2.Final
2025-06-30 01:10:36 INFO  - Starting PharmApplication using Java 17.0.13 with PID 17588 (E:\험芋奬腎攻沸薪詛Java\pharmapp\build\classes\java\main started by digeo in E:\험芋奬腎攻沸薪詛Java\pharmapp)
2025-06-30 01:10:36 INFO  - The following 1 profile is active: "test"
2025-06-30 01:10:37 INFO  - Bootstrapping Spring Data JPA repositories in DEFAULT mode.
2025-06-30 01:10:37 INFO  - Finished Spring Data repository scanning in 56 ms. Found 4 JPA repository interfaces.
2025-06-30 01:10:37 INFO  - Tomcat initialized with port 8080 (http)
2025-06-30 01:10:37 INFO  - Root WebApplicationContext: initialization completed in 1293 ms
2025-06-30 01:10:38 INFO  - HHH000412: Hibernate ORM core version 6.6.15.Final
2025-06-30 01:10:38 INFO  - HHH000026: Second-level cache disabled
2025-06-30 01:10:38 INFO  - No LoadTimeWeaver setup: ignoring JPA class transformer
2025-06-30 01:10:38 WARN  - HHH90000025: MySQLDialect does not need to be specified explicitly using 'hibernate.dialect' (remove the property setting and it will be selected by default)
2025-06-30 01:10:38 INFO  - HHH10001005: Database info:
	Database JDBC URL [Connecting through datasource 'HikariDataSource (HikariPool-1)']
	Database driver: undefined/unknown
	Database version: 8.0.41
	Autocommit mode: undefined/unknown
	Isolation level: undefined/unknown
	Minimum pool size: undefined/unknown
	Maximum pool size: undefined/unknown
2025-06-30 01:10:39 INFO  - HHH000489: No JTA platform available (set 'hibernate.transaction.jta.platform' to enable JTA platform integration)
2025-06-30 01:10:39 INFO  - Initialized JPA EntityManagerFactory for persistence unit 'default'
2025-06-30 01:10:39 INFO  - Hibernate is in classpath; If applicable, HQL parser will be used.
2025-06-30 01:10:40 INFO  - Global AuthenticationManager configured with AuthenticationProvider bean with name authenticationProvider
2025-06-30 01:10:40 WARN  - Global AuthenticationManager configured with an AuthenticationProvider bean. UserDetailsService beans will not be used by Spring Security for automatically configuring username/password login. Consider removing the AuthenticationProvider bean. Alternatively, consider using the UserDetailsService in a manually instantiated DaoAuthenticationProvider. If the current configuration is intentional, to turn off this warning, increase the logging level of 'org.springframework.security.config.annotation.authentication.configuration.InitializeUserDetailsBeanManagerConfigurer' to ERROR
2025-06-30 01:10:40 WARN  - spring.jpa.open-in-view is enabled by default. Therefore, database queries may be performed during view rendering. Explicitly configure spring.jpa.open-in-view to disable this warning
2025-06-30 01:10:40 INFO  - Adding welcome page template: index
2025-06-30 01:10:41 INFO  - Tomcat started on port 8080 (http) with context path '/'
2025-06-30 01:10:41 INFO  - Started PharmApplication in 5.226 seconds (process running for 5.911)
2025-06-30 01:10:41 INFO  - Initializing Servlet 'dispatcherServlet'
2025-06-30 01:10:41 INFO  - Completed initialization in 1 ms
2025-06-30 01:11:04 INFO  - HV000001: Hibernate Validator 8.0.2.Final
2025-06-30 01:11:04 INFO  - Starting PharmApplication using Java 17.0.13 with PID 25384 (E:\험芋奬腎攻沸薪詛Java\pharmapp\build\classes\java\main started by digeo in E:\험芋奬腎攻沸薪詛Java\pharmapp)
2025-06-30 01:11:04 INFO  - The following 1 profile is active: "test"
2025-06-30 01:11:05 INFO  - Bootstrapping Spring Data JPA repositories in DEFAULT mode.
2025-06-30 01:11:05 INFO  - Finished Spring Data repository scanning in 59 ms. Found 4 JPA repository interfaces.
2025-06-30 01:11:06 INFO  - Tomcat initialized with port 8080 (http)
2025-06-30 01:11:06 INFO  - Root WebApplicationContext: initialization completed in 1379 ms
2025-06-30 01:11:06 INFO  - HHH000412: Hibernate ORM core version 6.6.15.Final
2025-06-30 01:11:06 INFO  - HHH000026: Second-level cache disabled
2025-06-30 01:11:06 INFO  - No LoadTimeWeaver setup: ignoring JPA class transformer
2025-06-30 01:11:06 WARN  - HHH90000025: MySQLDialect does not need to be specified explicitly using 'hibernate.dialect' (remove the property setting and it will be selected by default)
2025-06-30 01:11:06 INFO  - HHH10001005: Database info:
	Database JDBC URL [Connecting through datasource 'HikariDataSource (HikariPool-1)']
	Database driver: undefined/unknown
	Database version: 8.0.41
	Autocommit mode: undefined/unknown
	Isolation level: undefined/unknown
	Minimum pool size: undefined/unknown
	Maximum pool size: undefined/unknown
2025-06-30 01:11:07 INFO  - HHH000489: No JTA platform available (set 'hibernate.transaction.jta.platform' to enable JTA platform integration)
2025-06-30 01:11:07 INFO  - Initialized JPA EntityManagerFactory for persistence unit 'default'
2025-06-30 01:11:08 INFO  - Hibernate is in classpath; If applicable, HQL parser will be used.
2025-06-30 01:11:08 INFO  - Global AuthenticationManager configured with AuthenticationProvider bean with name authenticationProvider
2025-06-30 01:11:08 WARN  - Global AuthenticationManager configured with an AuthenticationProvider bean. UserDetailsService beans will not be used by Spring Security for automatically configuring username/password login. Consider removing the AuthenticationProvider bean. Alternatively, consider using the UserDetailsService in a manually instantiated DaoAuthenticationProvider. If the current configuration is intentional, to turn off this warning, increase the logging level of 'org.springframework.security.config.annotation.authentication.configuration.InitializeUserDetailsBeanManagerConfigurer' to ERROR
2025-06-30 01:11:08 WARN  - spring.jpa.open-in-view is enabled by default. Therefore, database queries may be performed during view rendering. Explicitly configure spring.jpa.open-in-view to disable this warning
2025-06-30 01:11:08 INFO  - Adding welcome page template: index
2025-06-30 01:11:09 INFO  - Tomcat started on port 8080 (http) with context path '/'
2025-06-30 01:11:09 INFO  - Started PharmApplication in 5.082 seconds (process running for 5.377)
2025-06-30 01:11:19 INFO  - Initializing Servlet 'dispatcherServlet'
2025-06-30 01:11:19 INFO  - Completed initialization in 1 ms
2025-06-30 01:12:05 INFO  - HV000001: Hibernate Validator 8.0.2.Final
2025-06-30 01:12:05 INFO  - Starting PharmApplication using Java 17.0.13 with PID 19876 (E:\험芋奬腎攻沸薪詛Java\pharmapp\build\classes\java\main started by digeo in E:\험芋奬腎攻沸薪詛Java\pharmapp)
2025-06-30 01:12:05 INFO  - The following 1 profile is active: "test"
2025-06-30 01:12:06 INFO  - Bootstrapping Spring Data JPA repositories in DEFAULT mode.
2025-06-30 01:12:06 INFO  - Finished Spring Data repository scanning in 50 ms. Found 4 JPA repository interfaces.
2025-06-30 01:12:07 INFO  - Tomcat initialized with port 8080 (http)
2025-06-30 01:12:07 INFO  - Root WebApplicationContext: initialization completed in 1324 ms
2025-06-30 01:12:07 INFO  - HHH000412: Hibernate ORM core version 6.6.15.Final
2025-06-30 01:12:07 INFO  - HHH000026: Second-level cache disabled
2025-06-30 01:12:07 INFO  - No LoadTimeWeaver setup: ignoring JPA class transformer
2025-06-30 01:12:08 WARN  - HHH90000025: MySQLDialect does not need to be specified explicitly using 'hibernate.dialect' (remove the property setting and it will be selected by default)
2025-06-30 01:12:08 INFO  - HHH10001005: Database info:
	Database JDBC URL [Connecting through datasource 'HikariDataSource (HikariPool-1)']
	Database driver: undefined/unknown
	Database version: 8.0.41
	Autocommit mode: undefined/unknown
	Isolation level: undefined/unknown
	Minimum pool size: undefined/unknown
	Maximum pool size: undefined/unknown
2025-06-30 01:12:08 INFO  - HHH000489: No JTA platform available (set 'hibernate.transaction.jta.platform' to enable JTA platform integration)
2025-06-30 01:12:09 INFO  - Initialized JPA EntityManagerFactory for persistence unit 'default'
2025-06-30 01:12:09 INFO  - Hibernate is in classpath; If applicable, HQL parser will be used.
2025-06-30 01:12:09 INFO  - Global AuthenticationManager configured with AuthenticationProvider bean with name authenticationProvider
2025-06-30 01:12:09 WARN  - Global AuthenticationManager configured with an AuthenticationProvider bean. UserDetailsService beans will not be used by Spring Security for automatically configuring username/password login. Consider removing the AuthenticationProvider bean. Alternatively, consider using the UserDetailsService in a manually instantiated DaoAuthenticationProvider. If the current configuration is intentional, to turn off this warning, increase the logging level of 'org.springframework.security.config.annotation.authentication.configuration.InitializeUserDetailsBeanManagerConfigurer' to ERROR
2025-06-30 01:12:09 WARN  - spring.jpa.open-in-view is enabled by default. Therefore, database queries may be performed during view rendering. Explicitly configure spring.jpa.open-in-view to disable this warning
2025-06-30 01:12:10 INFO  - Adding welcome page template: index
2025-06-30 01:12:10 INFO  - Tomcat started on port 8080 (http) with context path '/'
2025-06-30 01:12:10 INFO  - Started PharmApplication in 5.049 seconds (process running for 5.332)
2025-06-30 01:12:15 INFO  - Initializing Servlet 'dispatcherServlet'
2025-06-30 01:12:15 INFO  - Completed initialization in 0 ms
2025-06-30 13:16:28 INFO  - HV000001: Hibernate Validator 8.0.2.Final
2025-06-30 13:16:28 INFO  - Starting PharmApplication using Java 17.0.13 with PID 17568 (E:\험芋奬腎攻沸薪詛Java\pharmapp\build\classes\java\main started by digeo in E:\험芋奬腎攻沸薪詛Java\pharmapp)
2025-06-30 13:16:28 INFO  - The following 1 profile is active: "test"
2025-06-30 13:16:28 INFO  - Bootstrapping Spring Data JPA repositories in DEFAULT mode.
2025-06-30 13:16:28 INFO  - Finished Spring Data repository scanning in 60 ms. Found 4 JPA repository interfaces.
2025-06-30 13:16:29 INFO  - Tomcat initialized with port 8080 (http)
2025-06-30 13:16:29 INFO  - Root WebApplicationContext: initialization completed in 1571 ms
2025-06-30 13:16:29 INFO  - HHH000412: Hibernate ORM core version 6.6.15.Final
2025-06-30 13:16:30 INFO  - HHH000026: Second-level cache disabled
2025-06-30 13:16:30 INFO  - No LoadTimeWeaver setup: ignoring JPA class transformer
2025-06-30 13:16:30 WARN  - HHH90000025: MySQLDialect does not need to be specified explicitly using 'hibernate.dialect' (remove the property setting and it will be selected by default)
2025-06-30 13:16:30 INFO  - HHH10001005: Database info:
	Database JDBC URL [Connecting through datasource 'HikariDataSource (HikariPool-1)']
	Database driver: undefined/unknown
	Database version: 8.0.41
	Autocommit mode: undefined/unknown
	Isolation level: undefined/unknown
	Minimum pool size: undefined/unknown
	Maximum pool size: undefined/unknown
2025-06-30 13:16:31 INFO  - HHH000489: No JTA platform available (set 'hibernate.transaction.jta.platform' to enable JTA platform integration)
2025-06-30 13:16:31 INFO  - Initialized JPA EntityManagerFactory for persistence unit 'default'
2025-06-30 13:16:32 INFO  - Hibernate is in classpath; If applicable, HQL parser will be used.
2025-06-30 13:16:32 INFO  - Global AuthenticationManager configured with AuthenticationProvider bean with name authenticationProvider
2025-06-30 13:16:32 WARN  - Global AuthenticationManager configured with an AuthenticationProvider bean. UserDetailsService beans will not be used by Spring Security for automatically configuring username/password login. Consider removing the AuthenticationProvider bean. Alternatively, consider using the UserDetailsService in a manually instantiated DaoAuthenticationProvider. If the current configuration is intentional, to turn off this warning, increase the logging level of 'org.springframework.security.config.annotation.authentication.configuration.InitializeUserDetailsBeanManagerConfigurer' to ERROR
2025-06-30 13:16:32 WARN  - spring.jpa.open-in-view is enabled by default. Therefore, database queries may be performed during view rendering. Explicitly configure spring.jpa.open-in-view to disable this warning
2025-06-30 13:16:33 INFO  - Adding welcome page template: index
2025-06-30 13:16:33 INFO  - Tomcat started on port 8080 (http) with context path '/'
2025-06-30 13:16:33 INFO  - Started PharmApplication in 5.869 seconds (process running for 6.187)
2025-06-30 13:16:40 INFO  - Initializing Servlet 'dispatcherServlet'
2025-06-30 13:16:40 INFO  - Completed initialization in 1 ms
2025-06-30 13:37:36 INFO  - HV000001: Hibernate Validator 8.0.2.Final
2025-06-30 13:37:36 INFO  - Starting PharmApplication using Java 17.0.13 with PID 14656 (E:\험芋奬腎攻沸薪詛Java\pharmapp\build\classes\java\main started by digeo in E:\험芋奬腎攻沸薪詛Java\pharmapp)
2025-06-30 13:37:36 INFO  - The following 1 profile is active: "test"
2025-06-30 13:37:37 INFO  - Bootstrapping Spring Data JPA repositories in DEFAULT mode.
2025-06-30 13:37:37 INFO  - Finished Spring Data repository scanning in 53 ms. Found 4 JPA repository interfaces.
2025-06-30 13:37:37 INFO  - Tomcat initialized with port 8080 (http)
2025-06-30 13:37:37 INFO  - Root WebApplicationContext: initialization completed in 1280 ms
2025-06-30 13:37:37 INFO  - HHH000412: Hibernate ORM core version 6.6.15.Final
2025-06-30 13:37:37 INFO  - HHH000026: Second-level cache disabled
2025-06-30 13:37:38 INFO  - No LoadTimeWeaver setup: ignoring JPA class transformer
2025-06-30 13:37:38 WARN  - HHH90000025: MySQLDialect does not need to be specified explicitly using 'hibernate.dialect' (remove the property setting and it will be selected by default)
2025-06-30 13:37:38 INFO  - HHH10001005: Database info:
	Database JDBC URL [Connecting through datasource 'HikariDataSource (HikariPool-1)']
	Database driver: undefined/unknown
	Database version: 8.0.41
	Autocommit mode: undefined/unknown
	Isolation level: undefined/unknown
	Minimum pool size: undefined/unknown
	Maximum pool size: undefined/unknown
2025-06-30 13:37:39 INFO  - HHH000489: No JTA platform available (set 'hibernate.transaction.jta.platform' to enable JTA platform integration)
2025-06-30 13:37:39 INFO  - Initialized JPA EntityManagerFactory for persistence unit 'default'
2025-06-30 13:37:39 INFO  - Hibernate is in classpath; If applicable, HQL parser will be used.
2025-06-30 13:37:40 INFO  - Global AuthenticationManager configured with AuthenticationProvider bean with name authenticationProvider
2025-06-30 13:37:40 WARN  - Global AuthenticationManager configured with an AuthenticationProvider bean. UserDetailsService beans will not be used by Spring Security for automatically configuring username/password login. Consider removing the AuthenticationProvider bean. Alternatively, consider using the UserDetailsService in a manually instantiated DaoAuthenticationProvider. If the current configuration is intentional, to turn off this warning, increase the logging level of 'org.springframework.security.config.annotation.authentication.configuration.InitializeUserDetailsBeanManagerConfigurer' to ERROR
2025-06-30 13:37:40 WARN  - spring.jpa.open-in-view is enabled by default. Therefore, database queries may be performed during view rendering. Explicitly configure spring.jpa.open-in-view to disable this warning
2025-06-30 13:37:40 INFO  - Adding welcome page template: index
2025-06-30 13:37:40 INFO  - Tomcat started on port 8080 (http) with context path '/'
2025-06-30 13:37:40 INFO  - Started PharmApplication in 4.94 seconds (process running for 5.244)
2025-06-30 13:37:57 INFO  - Initializing Servlet 'dispatcherServlet'
2025-06-30 13:37:57 INFO  - Completed initialization in 1 ms
2025-06-30 13:42:27 INFO  - HV000001: Hibernate Validator 8.0.2.Final
2025-06-30 13:42:27 INFO  - Starting PharmApplication using Java 17.0.13 with PID 11068 (E:\험芋奬腎攻沸薪詛Java\pharmapp\build\classes\java\main started by digeo in E:\험芋奬腎攻沸薪詛Java\pharmapp)
2025-06-30 13:42:27 INFO  - The following 1 profile is active: "test"
2025-06-30 13:42:27 INFO  - Bootstrapping Spring Data JPA repositories in DEFAULT mode.
2025-06-30 13:42:28 INFO  - Finished Spring Data repository scanning in 50 ms. Found 4 JPA repository interfaces.
2025-06-30 13:42:28 INFO  - Tomcat initialized with port 8080 (http)
2025-06-30 13:42:28 INFO  - Root WebApplicationContext: initialization completed in 1267 ms
2025-06-30 13:42:28 INFO  - HHH000412: Hibernate ORM core version 6.6.15.Final
2025-06-30 13:42:28 INFO  - HHH000026: Second-level cache disabled
2025-06-30 13:42:29 INFO  - No LoadTimeWeaver setup: ignoring JPA class transformer
2025-06-30 13:42:29 WARN  - HHH90000025: MySQLDialect does not need to be specified explicitly using 'hibernate.dialect' (remove the property setting and it will be selected by default)
2025-06-30 13:42:29 INFO  - HHH10001005: Database info:
	Database JDBC URL [Connecting through datasource 'HikariDataSource (HikariPool-1)']
	Database driver: undefined/unknown
	Database version: 8.0.41
	Autocommit mode: undefined/unknown
	Isolation level: undefined/unknown
	Minimum pool size: undefined/unknown
	Maximum pool size: undefined/unknown
2025-06-30 13:42:30 INFO  - HHH000489: No JTA platform available (set 'hibernate.transaction.jta.platform' to enable JTA platform integration)
2025-06-30 13:42:30 INFO  - Initialized JPA EntityManagerFactory for persistence unit 'default'
2025-06-30 13:42:30 INFO  - Hibernate is in classpath; If applicable, HQL parser will be used.
2025-06-30 13:42:31 INFO  - Global AuthenticationManager configured with AuthenticationProvider bean with name authenticationProvider
2025-06-30 13:42:31 WARN  - Global AuthenticationManager configured with an AuthenticationProvider bean. UserDetailsService beans will not be used by Spring Security for automatically configuring username/password login. Consider removing the AuthenticationProvider bean. Alternatively, consider using the UserDetailsService in a manually instantiated DaoAuthenticationProvider. If the current configuration is intentional, to turn off this warning, increase the logging level of 'org.springframework.security.config.annotation.authentication.configuration.InitializeUserDetailsBeanManagerConfigurer' to ERROR
2025-06-30 13:42:31 WARN  - spring.jpa.open-in-view is enabled by default. Therefore, database queries may be performed during view rendering. Explicitly configure spring.jpa.open-in-view to disable this warning
2025-06-30 13:42:31 INFO  - Adding welcome page template: index
2025-06-30 13:42:31 INFO  - Tomcat started on port 8080 (http) with context path '/'
2025-06-30 13:42:31 INFO  - Started PharmApplication in 5.002 seconds (process running for 5.281)
2025-06-30 13:42:35 INFO  - Initializing Servlet 'dispatcherServlet'
2025-06-30 13:42:35 INFO  - Completed initialization in 0 ms
2025-06-30 13:51:49 INFO  - HV000001: Hibernate Validator 8.0.2.Final
2025-06-30 13:51:49 INFO  - Starting PharmApplication using Java 17.0.13 with PID 22100 (E:\험芋奬腎攻沸薪詛Java\pharmapp\build\classes\java\main started by digeo in E:\험芋奬腎攻沸薪詛Java\pharmapp)
2025-06-30 13:51:49 INFO  - The following 1 profile is active: "test"
2025-06-30 13:51:50 INFO  - Bootstrapping Spring Data JPA repositories in DEFAULT mode.
2025-06-30 13:51:50 INFO  - Finished Spring Data repository scanning in 49 ms. Found 4 JPA repository interfaces.
2025-06-30 13:51:50 INFO  - Tomcat initialized with port 8080 (http)
2025-06-30 13:51:50 INFO  - Root WebApplicationContext: initialization completed in 1440 ms
2025-06-30 13:51:51 INFO  - HHH000412: Hibernate ORM core version 6.6.15.Final
2025-06-30 13:51:51 INFO  - HHH000026: Second-level cache disabled
2025-06-30 13:51:51 INFO  - No LoadTimeWeaver setup: ignoring JPA class transformer
2025-06-30 13:51:51 WARN  - HHH90000025: MySQLDialect does not need to be specified explicitly using 'hibernate.dialect' (remove the property setting and it will be selected by default)
2025-06-30 13:51:51 INFO  - HHH10001005: Database info:
	Database JDBC URL [Connecting through datasource 'HikariDataSource (HikariPool-1)']
	Database driver: undefined/unknown
	Database version: 8.0.41
	Autocommit mode: undefined/unknown
	Isolation level: undefined/unknown
	Minimum pool size: undefined/unknown
	Maximum pool size: undefined/unknown
2025-06-30 13:51:52 INFO  - HHH000489: No JTA platform available (set 'hibernate.transaction.jta.platform' to enable JTA platform integration)
2025-06-30 13:51:52 INFO  - Initialized JPA EntityManagerFactory for persistence unit 'default'
2025-06-30 13:51:53 INFO  - Hibernate is in classpath; If applicable, HQL parser will be used.
2025-06-30 13:51:54 INFO  - Global AuthenticationManager configured with AuthenticationProvider bean with name authenticationProvider
2025-06-30 13:51:54 WARN  - Global AuthenticationManager configured with an AuthenticationProvider bean. UserDetailsService beans will not be used by Spring Security for automatically configuring username/password login. Consider removing the AuthenticationProvider bean. Alternatively, consider using the UserDetailsService in a manually instantiated DaoAuthenticationProvider. If the current configuration is intentional, to turn off this warning, increase the logging level of 'org.springframework.security.config.annotation.authentication.configuration.InitializeUserDetailsBeanManagerConfigurer' to ERROR
2025-06-30 13:51:54 WARN  - spring.jpa.open-in-view is enabled by default. Therefore, database queries may be performed during view rendering. Explicitly configure spring.jpa.open-in-view to disable this warning
2025-06-30 13:51:54 INFO  - Adding welcome page template: index
2025-06-30 13:51:54 INFO  - Tomcat started on port 8080 (http) with context path '/'
2025-06-30 13:51:54 INFO  - Started PharmApplication in 5.842 seconds (process running for 6.163)
2025-06-30 13:51:54 INFO  - Initializing Servlet 'dispatcherServlet'
2025-06-30 13:51:54 INFO  - Completed initialization in 0 ms
2025-06-30 14:10:58 INFO  - HV000001: Hibernate Validator 8.0.2.Final
2025-06-30 14:10:58 INFO  - Starting PharmApplication using Java 17.0.13 with PID 11920 (E:\험芋奬腎攻沸薪詛Java\pharmapp\build\classes\java\main started by digeo in E:\험芋奬腎攻沸薪詛Java\pharmapp)
2025-06-30 14:10:58 INFO  - The following 1 profile is active: "test"
2025-06-30 14:10:59 INFO  - Bootstrapping Spring Data JPA repositories in DEFAULT mode.
2025-06-30 14:10:59 INFO  - Finished Spring Data repository scanning in 53 ms. Found 4 JPA repository interfaces.
2025-06-30 14:11:00 INFO  - Tomcat initialized with port 8080 (http)
2025-06-30 14:11:00 INFO  - Root WebApplicationContext: initialization completed in 1308 ms
2025-06-30 14:11:00 INFO  - HHH000412: Hibernate ORM core version 6.6.15.Final
2025-06-30 14:11:00 INFO  - HHH000026: Second-level cache disabled
2025-06-30 14:11:00 INFO  - No LoadTimeWeaver setup: ignoring JPA class transformer
2025-06-30 14:11:01 WARN  - HHH90000025: MySQLDialect does not need to be specified explicitly using 'hibernate.dialect' (remove the property setting and it will be selected by default)
2025-06-30 14:11:01 INFO  - HHH10001005: Database info:
	Database JDBC URL [Connecting through datasource 'HikariDataSource (HikariPool-1)']
	Database driver: undefined/unknown
	Database version: 8.0.41
	Autocommit mode: undefined/unknown
	Isolation level: undefined/unknown
	Minimum pool size: undefined/unknown
	Maximum pool size: undefined/unknown
2025-06-30 14:11:02 INFO  - HHH000489: No JTA platform available (set 'hibernate.transaction.jta.platform' to enable JTA platform integration)
2025-06-30 14:11:02 INFO  - Initialized JPA EntityManagerFactory for persistence unit 'default'
2025-06-30 14:11:02 INFO  - Hibernate is in classpath; If applicable, HQL parser will be used.
2025-06-30 14:11:03 INFO  - Global AuthenticationManager configured with AuthenticationProvider bean with name authenticationProvider
2025-06-30 14:11:03 WARN  - Global AuthenticationManager configured with an AuthenticationProvider bean. UserDetailsService beans will not be used by Spring Security for automatically configuring username/password login. Consider removing the AuthenticationProvider bean. Alternatively, consider using the UserDetailsService in a manually instantiated DaoAuthenticationProvider. If the current configuration is intentional, to turn off this warning, increase the logging level of 'org.springframework.security.config.annotation.authentication.configuration.InitializeUserDetailsBeanManagerConfigurer' to ERROR
2025-06-30 14:11:03 WARN  - spring.jpa.open-in-view is enabled by default. Therefore, database queries may be performed during view rendering. Explicitly configure spring.jpa.open-in-view to disable this warning
2025-06-30 14:11:03 INFO  - Adding welcome page template: index
2025-06-30 14:11:04 INFO  - Tomcat started on port 8080 (http) with context path '/'
2025-06-30 14:11:04 INFO  - Started PharmApplication in 5.783 seconds (process running for 6.097)
2025-06-30 14:11:07 INFO  - Initializing Servlet 'dispatcherServlet'
2025-06-30 14:11:07 INFO  - Completed initialization in 1 ms
2025-06-30 14:15:25 INFO  - HV000001: Hibernate Validator 8.0.2.Final
2025-06-30 14:15:25 INFO  - Starting PharmApplication using Java 17.0.13 with PID 22900 (E:\험芋奬腎攻沸薪詛Java\pharmapp\build\classes\java\main started by digeo in E:\험芋奬腎攻沸薪詛Java\pharmapp)
2025-06-30 14:15:25 INFO  - The following 1 profile is active: "test"
2025-06-30 14:15:26 INFO  - Bootstrapping Spring Data JPA repositories in DEFAULT mode.
2025-06-30 14:15:27 INFO  - Finished Spring Data repository scanning in 101 ms. Found 4 JPA repository interfaces.
2025-06-30 14:15:29 INFO  - Tomcat initialized with port 8080 (http)
2025-06-30 14:15:29 INFO  - Root WebApplicationContext: initialization completed in 3886 ms
2025-06-30 14:15:30 INFO  - HHH000412: Hibernate ORM core version 6.6.15.Final
2025-06-30 14:15:30 INFO  - HHH000026: Second-level cache disabled
2025-06-30 14:15:30 INFO  - No LoadTimeWeaver setup: ignoring JPA class transformer
2025-06-30 14:15:30 WARN  - HHH90000025: MySQLDialect does not need to be specified explicitly using 'hibernate.dialect' (remove the property setting and it will be selected by default)
2025-06-30 14:15:30 INFO  - HHH10001005: Database info:
	Database JDBC URL [Connecting through datasource 'HikariDataSource (HikariPool-1)']
	Database driver: undefined/unknown
	Database version: 8.0.41
	Autocommit mode: undefined/unknown
	Isolation level: undefined/unknown
	Minimum pool size: undefined/unknown
	Maximum pool size: undefined/unknown
2025-06-30 14:15:32 INFO  - HHH000489: No JTA platform available (set 'hibernate.transaction.jta.platform' to enable JTA platform integration)
2025-06-30 14:15:32 INFO  - Initialized JPA EntityManagerFactory for persistence unit 'default'
2025-06-30 14:15:32 INFO  - Hibernate is in classpath; If applicable, HQL parser will be used.
2025-06-30 14:15:34 INFO  - Global AuthenticationManager configured with AuthenticationProvider bean with name authenticationProvider
2025-06-30 14:15:34 WARN  - Global AuthenticationManager configured with an AuthenticationProvider bean. UserDetailsService beans will not be used by Spring Security for automatically configuring username/password login. Consider removing the AuthenticationProvider bean. Alternatively, consider using the UserDetailsService in a manually instantiated DaoAuthenticationProvider. If the current configuration is intentional, to turn off this warning, increase the logging level of 'org.springframework.security.config.annotation.authentication.configuration.InitializeUserDetailsBeanManagerConfigurer' to ERROR
2025-06-30 14:15:34 WARN  - spring.jpa.open-in-view is enabled by default. Therefore, database queries may be performed during view rendering. Explicitly configure spring.jpa.open-in-view to disable this warning
2025-06-30 14:15:34 INFO  - Adding welcome page template: index
2025-06-30 14:15:35 INFO  - Tomcat started on port 8080 (http) with context path '/'
2025-06-30 14:15:35 INFO  - Started PharmApplication in 9.777 seconds (process running for 10.1)
2025-06-30 14:15:35 INFO  - Initializing Servlet 'dispatcherServlet'
2025-06-30 14:15:35 INFO  - Completed initialization in 1 ms
2025-06-30 14:17:31 INFO  - HV000001: Hibernate Validator 8.0.2.Final
2025-06-30 14:17:31 INFO  - Starting PharmApplication using Java 17.0.13 with PID 11132 (E:\험芋奬腎攻沸薪詛Java\pharmapp\build\classes\java\main started by digeo in E:\험芋奬腎攻沸薪詛Java\pharmapp)
2025-06-30 14:17:31 INFO  - The following 1 profile is active: "test"
2025-06-30 14:17:32 INFO  - Bootstrapping Spring Data JPA repositories in DEFAULT mode.
2025-06-30 14:17:32 INFO  - Finished Spring Data repository scanning in 52 ms. Found 4 JPA repository interfaces.
2025-06-30 14:17:33 INFO  - Tomcat initialized with port 8080 (http)
2025-06-30 14:17:33 INFO  - Root WebApplicationContext: initialization completed in 1281 ms
2025-06-30 14:17:33 INFO  - HHH000412: Hibernate ORM core version 6.6.15.Final
2025-06-30 14:17:33 INFO  - HHH000026: Second-level cache disabled
2025-06-30 14:17:33 INFO  - No LoadTimeWeaver setup: ignoring JPA class transformer
2025-06-30 14:17:34 WARN  - HHH90000025: MySQLDialect does not need to be specified explicitly using 'hibernate.dialect' (remove the property setting and it will be selected by default)
2025-06-30 14:17:34 INFO  - HHH10001005: Database info:
	Database JDBC URL [Connecting through datasource 'HikariDataSource (HikariPool-1)']
	Database driver: undefined/unknown
	Database version: 8.0.41
	Autocommit mode: undefined/unknown
	Isolation level: undefined/unknown
	Minimum pool size: undefined/unknown
	Maximum pool size: undefined/unknown
2025-06-30 14:17:35 INFO  - HHH000489: No JTA platform available (set 'hibernate.transaction.jta.platform' to enable JTA platform integration)
2025-06-30 14:17:35 INFO  - Initialized JPA EntityManagerFactory for persistence unit 'default'
2025-06-30 14:17:35 INFO  - Hibernate is in classpath; If applicable, HQL parser will be used.
2025-06-30 14:17:36 INFO  - Global AuthenticationManager configured with AuthenticationProvider bean with name authenticationProvider
2025-06-30 14:17:36 WARN  - Global AuthenticationManager configured with an AuthenticationProvider bean. UserDetailsService beans will not be used by Spring Security for automatically configuring username/password login. Consider removing the AuthenticationProvider bean. Alternatively, consider using the UserDetailsService in a manually instantiated DaoAuthenticationProvider. If the current configuration is intentional, to turn off this warning, increase the logging level of 'org.springframework.security.config.annotation.authentication.configuration.InitializeUserDetailsBeanManagerConfigurer' to ERROR
2025-06-30 14:17:36 WARN  - spring.jpa.open-in-view is enabled by default. Therefore, database queries may be performed during view rendering. Explicitly configure spring.jpa.open-in-view to disable this warning
2025-06-30 14:17:36 INFO  - Adding welcome page template: index
2025-06-30 14:17:37 INFO  - Tomcat started on port 8080 (http) with context path '/'
2025-06-30 14:17:37 INFO  - Started PharmApplication in 5.853 seconds (process running for 6.16)
2025-06-30 14:17:40 INFO  - Initializing Servlet 'dispatcherServlet'
2025-06-30 14:17:40 INFO  - Completed initialization in 2 ms
2025-06-30 14:20:07 INFO  - HV000001: Hibernate Validator 8.0.2.Final
2025-06-30 14:20:07 INFO  - Starting PharmApplication using Java 17.0.13 with PID 4644 (E:\험芋奬腎攻沸薪詛Java\pharmapp\build\classes\java\main started by digeo in E:\험芋奬腎攻沸薪詛Java\pharmapp)
2025-06-30 14:20:07 INFO  - The following 1 profile is active: "test"
2025-06-30 14:20:08 INFO  - Bootstrapping Spring Data JPA repositories in DEFAULT mode.
2025-06-30 14:20:08 INFO  - Finished Spring Data repository scanning in 51 ms. Found 4 JPA repository interfaces.
2025-06-30 14:20:08 INFO  - Tomcat initialized with port 8080 (http)
2025-06-30 14:20:08 INFO  - Root WebApplicationContext: initialization completed in 1283 ms
2025-06-30 14:20:09 INFO  - HHH000412: Hibernate ORM core version 6.6.15.Final
2025-06-30 14:20:09 INFO  - HHH000026: Second-level cache disabled
2025-06-30 14:20:09 INFO  - No LoadTimeWeaver setup: ignoring JPA class transformer
2025-06-30 14:20:09 WARN  - HHH90000025: MySQLDialect does not need to be specified explicitly using 'hibernate.dialect' (remove the property setting and it will be selected by default)
2025-06-30 14:20:09 INFO  - HHH10001005: Database info:
	Database JDBC URL [Connecting through datasource 'HikariDataSource (HikariPool-1)']
	Database driver: undefined/unknown
	Database version: 8.0.41
	Autocommit mode: undefined/unknown
	Isolation level: undefined/unknown
	Minimum pool size: undefined/unknown
	Maximum pool size: undefined/unknown
2025-06-30 14:20:10 INFO  - HHH000489: No JTA platform available (set 'hibernate.transaction.jta.platform' to enable JTA platform integration)
2025-06-30 14:20:11 INFO  - Initialized JPA EntityManagerFactory for persistence unit 'default'
2025-06-30 14:20:11 INFO  - Hibernate is in classpath; If applicable, HQL parser will be used.
2025-06-30 14:20:13 INFO  - Global AuthenticationManager configured with AuthenticationProvider bean with name authenticationProvider
2025-06-30 14:20:13 WARN  - Global AuthenticationManager configured with an AuthenticationProvider bean. UserDetailsService beans will not be used by Spring Security for automatically configuring username/password login. Consider removing the AuthenticationProvider bean. Alternatively, consider using the UserDetailsService in a manually instantiated DaoAuthenticationProvider. If the current configuration is intentional, to turn off this warning, increase the logging level of 'org.springframework.security.config.annotation.authentication.configuration.InitializeUserDetailsBeanManagerConfigurer' to ERROR
2025-06-30 14:20:13 WARN  - spring.jpa.open-in-view is enabled by default. Therefore, database queries may be performed during view rendering. Explicitly configure spring.jpa.open-in-view to disable this warning
2025-06-30 14:20:13 INFO  - Adding welcome page template: index
2025-06-30 14:20:13 INFO  - Tomcat started on port 8080 (http) with context path '/'
2025-06-30 14:20:13 INFO  - Started PharmApplication in 6.718 seconds (process running for 7.022)
2025-06-30 14:20:13 INFO  - Initializing Servlet 'dispatcherServlet'
2025-06-30 14:20:13 INFO  - Completed initialization in 1 ms
2025-06-30 14:24:58 INFO  - HV000001: Hibernate Validator 8.0.2.Final
2025-06-30 14:24:58 INFO  - Starting PharmApplication using Java 17.0.13 with PID 25504 (E:\험芋奬腎攻沸薪詛Java\pharmapp\build\classes\java\main started by digeo in E:\험芋奬腎攻沸薪詛Java\pharmapp)
2025-06-30 14:24:58 INFO  - The following 1 profile is active: "test"
2025-06-30 14:24:59 INFO  - Bootstrapping Spring Data JPA repositories in DEFAULT mode.
2025-06-30 14:24:59 INFO  - Finished Spring Data repository scanning in 50 ms. Found 4 JPA repository interfaces.
2025-06-30 14:24:59 INFO  - Tomcat initialized with port 8080 (http)
2025-06-30 14:24:59 INFO  - Root WebApplicationContext: initialization completed in 1314 ms
2025-06-30 14:24:59 INFO  - HHH000412: Hibernate ORM core version 6.6.15.Final
2025-06-30 14:25:00 INFO  - HHH000026: Second-level cache disabled
2025-06-30 14:25:00 INFO  - No LoadTimeWeaver setup: ignoring JPA class transformer
2025-06-30 14:25:00 WARN  - HHH90000025: MySQLDialect does not need to be specified explicitly using 'hibernate.dialect' (remove the property setting and it will be selected by default)
2025-06-30 14:25:00 INFO  - HHH10001005: Database info:
	Database JDBC URL [Connecting through datasource 'HikariDataSource (HikariPool-1)']
	Database driver: undefined/unknown
	Database version: 8.0.41
	Autocommit mode: undefined/unknown
	Isolation level: undefined/unknown
	Minimum pool size: undefined/unknown
	Maximum pool size: undefined/unknown
2025-06-30 14:25:01 INFO  - HHH000489: No JTA platform available (set 'hibernate.transaction.jta.platform' to enable JTA platform integration)
2025-06-30 14:25:01 INFO  - Initialized JPA EntityManagerFactory for persistence unit 'default'
2025-06-30 14:25:01 INFO  - Hibernate is in classpath; If applicable, HQL parser will be used.
2025-06-30 14:25:02 INFO  - Global AuthenticationManager configured with AuthenticationProvider bean with name authenticationProvider
2025-06-30 14:25:02 WARN  - Global AuthenticationManager configured with an AuthenticationProvider bean. UserDetailsService beans will not be used by Spring Security for automatically configuring username/password login. Consider removing the AuthenticationProvider bean. Alternatively, consider using the UserDetailsService in a manually instantiated DaoAuthenticationProvider. If the current configuration is intentional, to turn off this warning, increase the logging level of 'org.springframework.security.config.annotation.authentication.configuration.InitializeUserDetailsBeanManagerConfigurer' to ERROR
2025-06-30 14:25:02 WARN  - spring.jpa.open-in-view is enabled by default. Therefore, database queries may be performed during view rendering. Explicitly configure spring.jpa.open-in-view to disable this warning
2025-06-30 14:25:03 INFO  - Adding welcome page template: index
2025-06-30 14:25:03 INFO  - Tomcat started on port 8080 (http) with context path '/'
2025-06-30 14:25:03 INFO  - Started PharmApplication in 5.491 seconds (process running for 5.775)
2025-06-30 14:25:09 INFO  - Initializing Servlet 'dispatcherServlet'
2025-06-30 14:25:09 INFO  - Completed initialization in 1 ms
2025-06-30 14:28:20 INFO  - HV000001: Hibernate Validator 8.0.2.Final
2025-06-30 14:28:20 INFO  - Starting PharmApplication using Java 17.0.13 with PID 19120 (E:\험芋奬腎攻沸薪詛Java\pharmapp\build\classes\java\main started by digeo in E:\험芋奬腎攻沸薪詛Java\pharmapp)
2025-06-30 14:28:20 INFO  - The following 1 profile is active: "test"
2025-06-30 14:28:21 INFO  - Bootstrapping Spring Data JPA repositories in DEFAULT mode.
2025-06-30 14:28:21 INFO  - Finished Spring Data repository scanning in 54 ms. Found 4 JPA repository interfaces.
2025-06-30 14:28:21 INFO  - Tomcat initialized with port 8080 (http)
2025-06-30 14:28:21 INFO  - Root WebApplicationContext: initialization completed in 1273 ms
2025-06-30 14:28:22 INFO  - HHH000412: Hibernate ORM core version 6.6.15.Final
2025-06-30 14:28:22 INFO  - HHH000026: Second-level cache disabled
2025-06-30 14:28:22 INFO  - No LoadTimeWeaver setup: ignoring JPA class transformer
2025-06-30 14:28:22 WARN  - HHH90000025: MySQLDialect does not need to be specified explicitly using 'hibernate.dialect' (remove the property setting and it will be selected by default)
2025-06-30 14:28:22 INFO  - HHH10001005: Database info:
	Database JDBC URL [Connecting through datasource 'HikariDataSource (HikariPool-1)']
	Database driver: undefined/unknown
	Database version: 8.0.41
	Autocommit mode: undefined/unknown
	Isolation level: undefined/unknown
	Minimum pool size: undefined/unknown
	Maximum pool size: undefined/unknown
2025-06-30 14:28:23 INFO  - HHH000489: No JTA platform available (set 'hibernate.transaction.jta.platform' to enable JTA platform integration)
2025-06-30 14:28:23 INFO  - Initialized JPA EntityManagerFactory for persistence unit 'default'
2025-06-30 14:28:23 INFO  - Hibernate is in classpath; If applicable, HQL parser will be used.
2025-06-30 14:28:25 INFO  - Global AuthenticationManager configured with AuthenticationProvider bean with name authenticationProvider
2025-06-30 14:28:25 WARN  - Global AuthenticationManager configured with an AuthenticationProvider bean. UserDetailsService beans will not be used by Spring Security for automatically configuring username/password login. Consider removing the AuthenticationProvider bean. Alternatively, consider using the UserDetailsService in a manually instantiated DaoAuthenticationProvider. If the current configuration is intentional, to turn off this warning, increase the logging level of 'org.springframework.security.config.annotation.authentication.configuration.InitializeUserDetailsBeanManagerConfigurer' to ERROR
2025-06-30 14:28:25 WARN  - spring.jpa.open-in-view is enabled by default. Therefore, database queries may be performed during view rendering. Explicitly configure spring.jpa.open-in-view to disable this warning
2025-06-30 14:28:25 INFO  - Adding welcome page template: index
2025-06-30 14:28:25 INFO  - Tomcat started on port 8080 (http) with context path '/'
2025-06-30 14:28:25 INFO  - Started PharmApplication in 5.452 seconds (process running for 5.74)
2025-06-30 14:28:37 INFO  - Initializing Servlet 'dispatcherServlet'
2025-06-30 14:28:37 INFO  - Completed initialization in 1 ms
2025-06-30 14:30:54 INFO  - TradeRecord created successfully with ID: 36
2025-06-30 14:32:55 INFO  - Contact created with ID: 16
