2025-06-18 00:02:52 INFO  com.zaxxer.hikari.HikariDataSource - HikariPool-1 - Starting...
2025-06-18 00:02:52 INFO  com.zaxxer.hikari.pool.HikariPool - HikariPool-1 - Added connection com.mysql.cj.jdbc.ConnectionImpl@1df06ecd
2025-06-18 00:02:52 INFO  com.zaxxer.hikari.HikariDataSource - HikariPool-1 - Start completed.
2025-06-18 00:33:07 INFO  com.zaxxer.hikari.HikariDataSource - HikariPool-1 - Starting...
2025-06-18 00:33:07 INFO  com.zaxxer.hikari.pool.HikariPool - HikariPool-1 - Added connection com.mysql.cj.jdbc.ConnectionImpl@4f7ba0af
2025-06-18 00:33:07 INFO  com.zaxxer.hikari.HikariDataSource - HikariPool-1 - Start completed.
2025-06-18 00:37:23 INFO  com.zaxxer.hikari.HikariDataSource - HikariPool-1 - Starting...
2025-06-18 00:37:24 INFO  com.zaxxer.hikari.pool.HikariPool - HikariPool-1 - Added connection com.mysql.cj.jdbc.ConnectionImpl@3516b881
2025-06-18 00:37:24 INFO  com.zaxxer.hikari.HikariDataSource - HikariPool-1 - Start completed.
2025-06-18 01:39:59 WARN  com.zaxxer.hikari.pool.HikariPool - HikariPool-1 - Thread starvation or clock leap detected (housekeeper delta=29m34s794ms828µs900ns).
2025-06-18 01:50:41 INFO  com.zaxxer.hikari.HikariDataSource - HikariPool-1 - Starting...
2025-06-18 01:50:41 INFO  com.zaxxer.hikari.pool.HikariPool - HikariPool-1 - Added connection com.mysql.cj.jdbc.ConnectionImpl@5d3634c8
2025-06-18 01:50:41 INFO  com.zaxxer.hikari.HikariDataSource - HikariPool-1 - Start completed.
2025-06-18 01:55:34 INFO  com.zaxxer.hikari.HikariDataSource - HikariPool-1 - Starting...
2025-06-18 01:55:34 INFO  com.zaxxer.hikari.pool.HikariPool - HikariPool-1 - Added connection com.mysql.cj.jdbc.ConnectionImpl@186f7434
2025-06-18 01:55:34 INFO  com.zaxxer.hikari.HikariDataSource - HikariPool-1 - Start completed.
2025-06-18 01:58:05 INFO  com.zaxxer.hikari.HikariDataSource - HikariPool-1 - Starting...
2025-06-18 01:58:05 INFO  com.zaxxer.hikari.pool.HikariPool - HikariPool-1 - Added connection com.mysql.cj.jdbc.ConnectionImpl@32dbca45
2025-06-18 01:58:06 INFO  com.zaxxer.hikari.HikariDataSource - HikariPool-1 - Start completed.
2025-06-18 02:14:06 INFO  com.zaxxer.hikari.HikariDataSource - HikariPool-1 - Starting...
2025-06-18 02:14:07 INFO  com.zaxxer.hikari.pool.HikariPool - HikariPool-1 - Added connection com.mysql.cj.jdbc.ConnectionImpl@684b26b7
2025-06-18 02:14:07 INFO  com.zaxxer.hikari.HikariDataSource - HikariPool-1 - Start completed.
2025-06-18 02:29:55 INFO  com.zaxxer.hikari.HikariDataSource - HikariPool-1 - Starting...
2025-06-18 02:29:55 INFO  com.zaxxer.hikari.pool.HikariPool - HikariPool-1 - Added connection com.mysql.cj.jdbc.ConnectionImpl@684b26b7
2025-06-18 02:29:55 INFO  com.zaxxer.hikari.HikariDataSource - HikariPool-1 - Start completed.
2025-06-18 02:45:32 INFO  com.zaxxer.hikari.HikariDataSource - HikariPool-1 - Starting...
2025-06-18 02:45:32 INFO  com.zaxxer.hikari.pool.HikariPool - HikariPool-1 - Added connection com.mysql.cj.jdbc.ConnectionImpl@6c75e3bc
2025-06-18 02:45:32 INFO  com.zaxxer.hikari.HikariDataSource - HikariPool-1 - Start completed.
2025-06-18 02:51:41 INFO  com.zaxxer.hikari.HikariDataSource - HikariPool-1 - Starting...
2025-06-18 02:51:41 INFO  com.zaxxer.hikari.pool.HikariPool - HikariPool-1 - Added connection com.mysql.cj.jdbc.ConnectionImpl@3199a202
2025-06-18 02:51:41 INFO  com.zaxxer.hikari.HikariDataSource - HikariPool-1 - Start completed.
2025-06-18 02:57:50 INFO  com.zaxxer.hikari.HikariDataSource - HikariPool-1 - Starting...
2025-06-18 02:57:50 INFO  com.zaxxer.hikari.pool.HikariPool - HikariPool-1 - Added connection com.mysql.cj.jdbc.ConnectionImpl@98722ef
2025-06-18 02:57:50 INFO  com.zaxxer.hikari.HikariDataSource - HikariPool-1 - Start completed.
2025-06-18 12:10:09 WARN  com.zaxxer.hikari.pool.HikariPool - HikariPool-1 - Thread starvation or clock leap detected (housekeeper delta=8h28m48s450ms149µs400ns).
2025-06-18 12:14:29 INFO  com.zaxxer.hikari.HikariDataSource - HikariPool-1 - Starting...
2025-06-18 12:14:29 INFO  com.zaxxer.hikari.pool.HikariPool - HikariPool-1 - Added connection com.mysql.cj.jdbc.ConnectionImpl@32513dea
2025-06-18 12:14:29 INFO  com.zaxxer.hikari.HikariDataSource - HikariPool-1 - Start completed.
2025-06-18 12:31:00 INFO  com.zaxxer.hikari.HikariDataSource - HikariPool-1 - Starting...
2025-06-18 12:31:00 INFO  com.zaxxer.hikari.pool.HikariPool - HikariPool-1 - Added connection com.mysql.cj.jdbc.ConnectionImpl@71285693
2025-06-18 12:31:00 INFO  com.zaxxer.hikari.HikariDataSource - HikariPool-1 - Start completed.
2025-06-18 12:34:49 INFO  com.zaxxer.hikari.HikariDataSource - HikariPool-1 - Starting...
2025-06-18 12:34:49 INFO  com.zaxxer.hikari.pool.HikariPool - HikariPool-1 - Added connection com.mysql.cj.jdbc.ConnectionImpl@23ec63af
2025-06-18 12:34:49 INFO  com.zaxxer.hikari.HikariDataSource - HikariPool-1 - Start completed.
2025-06-18 13:02:57 INFO  com.zaxxer.hikari.HikariDataSource - HikariPool-1 - Starting...
2025-06-18 13:02:58 INFO  com.zaxxer.hikari.pool.HikariPool - HikariPool-1 - Added connection com.mysql.cj.jdbc.ConnectionImpl@57927bc9
2025-06-18 13:02:58 INFO  com.zaxxer.hikari.HikariDataSource - HikariPool-1 - Start completed.
2025-06-18 13:18:41 INFO  com.zaxxer.hikari.HikariDataSource - HikariPool-1 - Starting...
2025-06-18 13:18:42 INFO  com.zaxxer.hikari.pool.HikariPool - HikariPool-1 - Added connection com.mysql.cj.jdbc.ConnectionImpl@5b23c1f6
2025-06-18 13:18:42 INFO  com.zaxxer.hikari.HikariDataSource - HikariPool-1 - Start completed.
2025-06-18 13:26:18 INFO  com.zaxxer.hikari.HikariDataSource - HikariPool-1 - Starting...
2025-06-18 13:26:18 INFO  com.zaxxer.hikari.pool.HikariPool - HikariPool-1 - Added connection com.mysql.cj.jdbc.ConnectionImpl@71285693
2025-06-18 13:26:18 INFO  com.zaxxer.hikari.HikariDataSource - HikariPool-1 - Start completed.
2025-06-18 13:30:32 INFO  com.zaxxer.hikari.HikariDataSource - HikariPool-1 - Starting...
2025-06-18 13:30:33 INFO  com.zaxxer.hikari.pool.HikariPool - HikariPool-1 - Added connection com.mysql.cj.jdbc.ConnectionImpl@e3c36d
2025-06-18 13:30:33 INFO  com.zaxxer.hikari.HikariDataSource - HikariPool-1 - Start completed.
2025-06-18 13:42:44 INFO  com.zaxxer.hikari.HikariDataSource - HikariPool-1 - Starting...
2025-06-18 13:42:45 INFO  com.zaxxer.hikari.pool.HikariPool - HikariPool-1 - Added connection com.mysql.cj.jdbc.ConnectionImpl@459e120b
2025-06-18 13:42:45 INFO  com.zaxxer.hikari.HikariDataSource - HikariPool-1 - Start completed.
2025-06-18 13:45:13 INFO  com.zaxxer.hikari.HikariDataSource - HikariPool-1 - Starting...
2025-06-18 13:45:13 INFO  com.zaxxer.hikari.pool.HikariPool - HikariPool-1 - Added connection com.mysql.cj.jdbc.ConnectionImpl@e3c36d
2025-06-18 13:45:13 INFO  com.zaxxer.hikari.HikariDataSource - HikariPool-1 - Start completed.
2025-06-18 13:46:39 INFO  com.zaxxer.hikari.HikariDataSource - HikariPool-1 - Starting...
2025-06-18 13:46:39 INFO  com.zaxxer.hikari.pool.HikariPool - HikariPool-1 - Added connection com.mysql.cj.jdbc.ConnectionImpl@7286827b
2025-06-18 13:46:39 INFO  com.zaxxer.hikari.HikariDataSource - HikariPool-1 - Start completed.
2025-06-18 14:04:05 INFO  com.zaxxer.hikari.HikariDataSource - HikariPool-1 - Starting...
2025-06-18 14:04:06 INFO  com.zaxxer.hikari.pool.HikariPool - HikariPool-1 - Added connection com.mysql.cj.jdbc.ConnectionImpl@7791ff50
2025-06-18 14:04:06 INFO  com.zaxxer.hikari.HikariDataSource - HikariPool-1 - Start completed.
2025-06-18 14:15:22 INFO  com.zaxxer.hikari.HikariDataSource - HikariPool-1 - Starting...
2025-06-18 14:15:22 INFO  com.zaxxer.hikari.pool.HikariPool - HikariPool-1 - Added connection com.mysql.cj.jdbc.ConnectionImpl@3f4964f2
2025-06-18 14:15:22 INFO  com.zaxxer.hikari.HikariDataSource - HikariPool-1 - Start completed.
2025-06-18 14:18:15 INFO  com.zaxxer.hikari.HikariDataSource - HikariPool-1 - Starting...
2025-06-18 14:18:15 INFO  com.zaxxer.hikari.pool.HikariPool - HikariPool-1 - Added connection com.mysql.cj.jdbc.ConnectionImpl@56f72909
2025-06-18 14:18:15 INFO  com.zaxxer.hikari.HikariDataSource - HikariPool-1 - Start completed.
2025-06-18 14:25:29 INFO  com.zaxxer.hikari.HikariDataSource - HikariPool-1 - Starting...
2025-06-18 14:25:29 INFO  com.zaxxer.hikari.pool.HikariPool - HikariPool-1 - Added connection com.mysql.cj.jdbc.ConnectionImpl@71285693
2025-06-18 14:25:29 INFO  com.zaxxer.hikari.HikariDataSource - HikariPool-1 - Start completed.
2025-06-18 14:27:17 INFO  com.zaxxer.hikari.HikariDataSource - HikariPool-1 - Starting...
2025-06-18 14:27:17 INFO  com.zaxxer.hikari.pool.HikariPool - HikariPool-1 - Added connection com.mysql.cj.jdbc.ConnectionImpl@299cab08
2025-06-18 14:27:17 INFO  com.zaxxer.hikari.HikariDataSource - HikariPool-1 - Start completed.
2025-06-18 14:28:18 INFO  com.zaxxer.hikari.HikariDataSource - HikariPool-1 - Starting...
2025-06-18 14:28:19 INFO  com.zaxxer.hikari.pool.HikariPool - HikariPool-1 - Added connection com.mysql.cj.jdbc.ConnectionImpl@71285693
2025-06-18 14:28:19 INFO  com.zaxxer.hikari.HikariDataSource - HikariPool-1 - Start completed.
